MagicCube4D 3 3 6770 {4,3,3} 3
0.7193835266317883 -0.3092019595976295 0.6219979821444738 -3.1829148462403784E-16
0.691034487820744 0.22779941519598357 -0.6859874365312313 -5.551115123129916E-17
2.408109627831274E-16 -4.335345482435728E-16 1.76950945361316E-17 1.0
-0.07041788304921824 -0.9233101183336799 -0.3775443644520639 -3.766487536057168E-16
*
142,1,1 193,1,2 45,1,4 4,-1,2 166,1,4 90,1,2 6,-1,2 87,1,2 31,1,4 15,-1,1
142,-1,2 174,-1,4 102,-1,1 171,-1,2 10,1,4 121,-1,4 4,-1,4 144,1,1 123,-1,4 8,-1,1
129,1,1 180,1,1 141,1,2 87,-1,4 15,-1,1 181,-1,4 5,1,4 69,1,4 88,1,1 157,-1,1
90,1,1 59,-1,1 41,-1,1 195,1,2 179,-1,2 89,-1,4 135,1,2 197,1,2 43,-1,2 117,1,2
13,1,1 92,-1,2 163,1,1 108,1,1 62,1,1 110,1,1 m| 52,1,1 133,-1,1 129,-1,1
79,1,1 129,1,1 129,1,1 128,1,1 129,-1,1 128,-1,1 155,1,1 128,1,1 155,-1,1 209,1,1
209,1,1 130,1,1 183,1,1 130,-1,1 183,-1,1 211,-1,1 51,-1,1 131,-1,1 213,1,1 131,-1,1
213,-1,1 133,1,1 133,1,1 187,1,1 133,1,1 133,1,1 187,-1,1 77,-1,1 47,1,1 158,1,1
212,1,1 158,1,1 77,1,1 77,1,1 212,1,1 212,1,1 158,1,1 212,-1,1 212,-1,1 158,1,1
212,1,1 77,1,1 212,-1,1 77,-1,1 m[ 102,1,1 20,-1,1 102,-1,1 20,1,1 m]
102,-1,1 m[ 104,1,1 24,-1,1 104,-1,1 24,1,1 m] 160,-1,1 106,1,1 160,1,1
103,-1,1 m[ 48,-1,1 103,1,1 48,1,1 103,-1,1 m] 103,1,1 103,1,1 103,1,1
103,1,1 103,1,1 52,1,1 106,1,1 52,-1,1 183,-1,1 101,1,1 183,1,1 101,-1,1 158,1,1
158,1,1 158,1,1 158,1,1 m[ 182,-1,1 101,1,1 182,1,1 101,-1,1 m] m[
105,1,1 159,-1,1 105,-1,1 159,1,1 m] 160,-1,1 106,1,1 160,1,1 106,-1,1 m[
105,1,1 159,-1,1 105,-1,1 159,1,1 m] m[ 159,-1,1 105,1,1 159,1,1 105,-1,1
m] m[ 102,1,1 20,-1,1 102,-1,1 20,1,1 m] m[ 101,1,1 155,-1,1
101,-1,1 155,1,1 m] 47,1,1 101,-1,1 47,-1,1 101,1,1 m[ 101,1,1 155,-1,1
101,-1,1 155,1,1 m] 182,-1,1 101,1,1 101,1,1 182,1,1 106,1,1 106,1,1 103,1,1
103,1,1 m[ 103,1,1 21,-1,1 103,-1,1 21,1,1 m] m[ 103,1,1 21,-1,1
103,-1,1 21,1,1 m] 103,1,1 103,1,1 103,1,1 103,1,1 103,1,1 103,1,1 m[
103,1,1 21,-1,1 103,-1,1 21,1,1 m] 103,1,1 m[ 103,1,1 21,-1,1 103,-1,1
21,1,1 m] 103,1,1 m[ 103,1,1 21,-1,1 103,-1,1 21,1,1 m] 103,1,1
103,1,1 103,1,1 103,1,1 m[ 103,1,1 21,-1,1 103,-1,1 21,1,1 m] 103,1,1
m[ 21,-1,1 103,1,1 21,1,1 103,-1,1 m] 103,-1,1 103,-1,1 m[ 183,-1,1
103,1,1 183,1,1 103,-1,1 m] 23,1,1 23,1,1 m[ 21,1,2 48,1,1 21,-1,2
48,-1,4 48,-1,4 21,1,2 48,-1,1 21,-1,2 48,-1,4 21,1,2 48,1,1 21,-1,2 48,-1,4
21,1,2 48,-1,1 21,-1,2 156,1,2 21,1,2 48,1,1 21,-1,2 48,1,4 21,1,2 48,-1,1
21,-1,2 48,1,4 21,1,2 48,1,1 21,-1,2 48,1,4 48,1,4 21,1,2 48,-1,1 21,-1,2
156,-1,2 182,1,1 156,1,2 21,1,2 48,1,1 21,-1,2 48,-1,4 48,-1,4 21,1,2 48,-1,1
21,-1,2 48,-1,4 21,1,2 48,1,1 21,-1,2 48,-1,4 21,1,2 48,-1,1 21,-1,2 156,-1,2
21,1,2 48,1,1 21,-1,2 48,1,4 21,1,2 48,-1,1 21,-1,2 48,1,4 21,1,2 48,1,1
21,-1,2 48,1,4 48,1,4 21,1,2 48,-1,1 21,-1,2 182,-1,1 m] m[ 23,1,2
50,1,1 23,-1,2 50,-1,4 50,-1,4 23,1,2 50,-1,1 23,-1,2 50,-1,4 23,1,2 50,1,1
23,-1,2 50,-1,4 23,1,2 50,-1,1 23,-1,2 102,1,2 23,1,2 50,1,1 23,-1,2 50,1,4
23,1,2 50,-1,1 23,-1,2 50,1,4 23,1,2 50,1,1 23,-1,2 50,1,4 50,1,4 23,1,2
50,-1,1 23,-1,2 102,-1,2 50,1,4 23,1,2 50,1,1 23,-1,2 50,-1,1 23,1,2 50,-1,1
50,-1,1 23,-1,2 50,-1,4 23,1,2 50,-1,1 50,-1,1 23,-1,2 50,1,1 23,1,2 50,-1,1
23,-1,2 102,1,2 23,1,2 50,1,1 23,-1,2 50,-1,1 23,1,2 50,1,1 50,1,1 23,-1,2
50,1,4 23,1,2 50,1,1 50,1,1 23,-1,2 50,1,1 23,1,2 50,-1,1 23,-1,2 50,-1,4
23,1,2 50,1,1 23,-1,2 50,-1,4 50,-1,4 23,1,2 50,-1,1 23,-1,2 50,-1,4 23,1,2
50,1,1 23,-1,2 50,-1,4 23,1,2 50,-1,1 23,-1,2 102,-1,2 23,1,2 50,1,1 23,-1,2
50,1,4 23,1,2 50,-1,1 23,-1,2 50,1,4 23,1,2 50,1,1 23,-1,2 50,1,4 50,1,4
23,1,2 50,-1,1 23,-1,2 102,1,2 50,1,4 23,1,2 50,1,1 23,-1,2 50,-1,1 23,1,2
50,-1,1 50,-1,1 23,-1,2 50,-1,4 23,1,2 50,-1,1 50,-1,1 23,-1,2 50,1,1 23,1,2
50,-1,1 23,-1,2 102,-1,2 23,1,2 50,1,1 23,-1,2 50,-1,1 23,1,2 50,1,1 50,1,1
23,-1,2 50,1,4 23,1,2 50,1,1 50,1,1 23,-1,2 50,1,1 23,1,2 50,-1,1 23,-1,2
50,-1,4 m] m[ 131,1,2 49,1,2 157,1,1 49,-1,2 157,-1,4 157,-1,4 49,1,2
157,-1,1 49,-1,2 157,-1,4 49,1,2 157,1,1 49,-1,2 157,-1,4 49,1,2 157,-1,1 49,-1,2
131,-1,2 49,1,2 157,1,1 49,-1,2 157,1,4 49,1,2 157,-1,1 49,-1,2 157,1,4 49,1,2
157,1,1 49,-1,2 157,1,4 157,1,4 49,1,2 157,-1,1 49,-1,2 m] m[ 133,1,2
157,1,2 211,1,1 157,-1,2 211,-1,4 211,-1,4 157,1,2 211,-1,1 157,-1,2 211,-1,4 157,1,2
211,1,1 157,-1,2 211,-1,4 157,1,2 211,-1,1 157,-1,2 133,-1,2 157,1,2 211,1,1 157,-1,2
211,1,4 157,1,2 211,-1,1 157,-1,2 211,1,4 157,1,2 211,1,1 157,-1,2 211,1,4 211,1,4
157,1,2 211,-1,1 157,-1,2 m] m[ 184,1,2 211,1,1 184,-1,2 211,-1,4 211,-1,4
184,1,2 211,-1,1 184,-1,2 211,-1,4 184,1,2 211,1,1 184,-1,2 211,-1,4 184,1,2 211,-1,1
184,-1,2 133,1,2 184,1,2 211,1,1 184,-1,2 211,1,4 184,1,2 211,-1,1 184,-1,2 211,1,4
184,1,2 211,1,1 184,-1,2 211,1,4 211,1,4 184,1,2 211,-1,1 184,-1,2 133,-1,2 211,1,4
184,1,2 211,1,1 184,-1,2 211,-1,1 184,1,2 211,-1,1 211,-1,1 184,-1,2 211,-1,4 184,1,2
211,-1,1 211,-1,1 184,-1,2 211,1,1 184,1,2 211,-1,1 184,-1,2 133,1,2 184,1,2 211,1,1
184,-1,2 211,-1,1 184,1,2 211,1,1 211,1,1 184,-1,2 211,1,4 184,1,2 211,1,1 211,1,1
184,-1,2 211,1,1 184,1,2 211,-1,1 184,-1,2 211,-1,4 184,1,2 211,1,1 184,-1,2 211,-1,4
211,-1,4 184,1,2 211,-1,1 184,-1,2 211,-1,4 184,1,2 211,1,1 184,-1,2 211,-1,4 184,1,2
211,-1,1 184,-1,2 133,-1,2 184,1,2 211,1,1 184,-1,2 211,1,4 184,1,2 211,-1,1 184,-1,2
211,1,4 184,1,2 211,1,1 184,-1,2 211,1,4 211,1,4 184,1,2 211,-1,1 184,-1,2 133,1,2
211,1,4 184,1,2 211,1,1 184,-1,2 211,-1,1 184,1,2 211,-1,1 211,-1,1 184,-1,2 211,-1,4
184,1,2 211,-1,1 211,-1,1 184,-1,2 211,1,1 184,1,2 211,-1,1 184,-1,2 133,-1,2 184,1,2
211,1,1 184,-1,2 211,-1,1 184,1,2 211,1,1 211,1,1 184,-1,2 211,1,4 184,1,2 211,1,1
211,1,1 184,-1,2 211,1,1 184,1,2 211,-1,1 184,-1,2 211,-1,4 m] m[ 49,1,2
211,1,1 49,-1,2 211,-1,4 211,-1,4 49,1,2 211,-1,1 49,-1,2 211,-1,4 49,1,2 211,1,1
49,-1,2 211,-1,4 49,1,2 211,-1,1 49,-1,2 133,1,2 49,1,2 211,1,1 49,-1,2 211,1,4
49,1,2 211,-1,1 49,-1,2 211,1,4 49,1,2 211,1,1 49,-1,2 211,1,4 211,1,4 49,1,2
211,-1,1 49,-1,2 133,-1,2 211,1,4 49,1,2 211,1,1 49,-1,2 211,-1,1 49,1,2 211,-1,1
211,-1,1 49,-1,2 211,-1,4 49,1,2 211,-1,1 211,-1,1 49,-1,2 211,1,1 49,1,2 211,-1,1
49,-1,2 133,1,2 49,1,2 211,1,1 49,-1,2 211,-1,1 49,1,2 211,1,1 211,1,1 49,-1,2
211,1,4 49,1,2 211,1,1 211,1,1 49,-1,2 211,1,1 49,1,2 211,-1,1 49,-1,2 211,-1,4
49,1,2 211,1,1 49,-1,2 211,-1,4 211,-1,4 49,1,2 211,-1,1 49,-1,2 211,-1,4 49,1,2
211,1,1 49,-1,2 211,-1,4 49,1,2 211,-1,1 49,-1,2 133,-1,2 49,1,2 211,1,1 49,-1,2
211,1,4 49,1,2 211,-1,1 49,-1,2 211,1,4 49,1,2 211,1,1 49,-1,2 211,1,4 211,1,4
49,1,2 211,-1,1 49,-1,2 133,1,2 211,1,4 49,1,2 211,1,1 49,-1,2 211,-1,1 49,1,2
211,-1,1 211,-1,1 49,-1,2 211,-1,4 49,1,2 211,-1,1 211,-1,1 49,-1,2 211,1,1 49,1,2
211,-1,1 49,-1,2 133,-1,2 49,1,2 211,1,1 49,-1,2 211,-1,1 49,1,2 211,1,1 211,1,1
49,-1,2 211,1,4 49,1,2 211,1,1 211,1,1 49,-1,2 211,1,1 49,1,2 211,-1,1 49,-1,2
211,-1,4 m] 50,1,1 50,1,1 m[ 184,1,4 22,1,2 184,1,1 22,-1,2 184,-1,1
22,1,2 184,-1,1 184,-1,1 22,-1,2 184,-1,4 22,1,2 184,-1,1 184,-1,1 22,-1,2 184,1,1
22,1,2 184,-1,1 22,-1,2 132,1,2 22,1,2 184,1,1 22,-1,2 184,-1,1 22,1,2 184,1,1
184,1,1 22,-1,2 184,1,4 22,1,2 184,1,1 184,1,1 22,-1,2 184,1,1 22,1,2 184,-1,1
22,-1,2 184,-1,4 132,-1,2 m] 47,1,1 47,1,1 50,1,1 50,1,1 47,1,1 47,1,1
m[ 77,1,2 185,1,1 77,-1,2 185,-1,4 185,-1,4 77,1,2 185,-1,1 77,-1,2 185,-1,4
77,1,2 185,1,1 77,-1,2 185,-1,4 77,1,2 185,-1,1 77,-1,2 105,1,2 77,1,2 185,1,1
77,-1,2 185,1,4 77,1,2 185,-1,1 77,-1,2 185,1,4 77,1,2 185,1,1 77,-1,2 185,1,4
185,1,4 77,1,2 185,-1,1 77,-1,2 105,-1,2 m] 49,1,1 m[ 77,1,2 185,1,1
77,-1,2 185,-1,4 185,-1,4 77,1,2 185,-1,1 77,-1,2 185,-1,4 77,1,2 185,1,1 77,-1,2
185,-1,4 77,1,2 185,-1,1 77,-1,2 105,1,2 77,1,2 185,1,1 77,-1,2 185,1,4 77,1,2
185,-1,1 77,-1,2 185,1,4 77,1,2 185,1,1 77,-1,2 185,1,4 185,1,4 77,1,2 185,-1,1
77,-1,2 105,-1,2 m] 49,1,1 49,1,1 m[ 167,1,1 190,1,1 167,-1,1 5,-1,1
167,1,1 190,-1,1 167,-1,1 5,1,1 m] m[ 173,1,1 143,1,1 173,-1,1 65,-1,1
173,1,1 143,-1,1 173,-1,1 65,1,1 m] m[ 176,1,1 94,1,1 176,-1,1 123,-1,1
176,1,1 94,-1,1 176,-1,1 123,1,1 m] m[ 176,1,1 94,1,1 176,-1,1 123,-1,1
176,1,1 94,-1,1 176,-1,1 123,1,1 m] m[ 167,1,1 112,1,1 167,-1,1 87,-1,1
167,1,1 112,-1,1 167,-1,1 87,1,1 m] m[ 87,1,1 61,1,1 87,-1,1 141,-1,1
87,1,1 61,-1,1 87,-1,1 141,1,1 m] m[ 165,1,1 109,1,1 165,-1,1 84,-1,1
165,1,1 109,-1,1 165,-1,1 84,1,1 m] m[ 163,1,1 108,1,1 163,-1,1 83,-1,1
163,1,1 108,-1,1 163,-1,1 83,1,1 m] m[ 169,1,1 192,1,1 169,-1,1 7,-1,1
169,1,1 192,-1,1 169,-1,1 7,1,1 m] 185,1,1 m[ 167,1,1 190,1,1 167,-1,1
5,-1,1 167,1,1 190,-1,1 167,-1,1 5,1,1 m] 185,-1,1 m[ 162,1,1 0,1,1
162,-1,1 193,-1,1 162,1,1 0,-1,1 162,-1,1 193,1,1 m] m[ 170,1,1 8,1,1
170,-1,1 205,-1,1 170,1,1 8,-1,1 170,-1,1 205,1,1 m] m[ 170,1,1 8,1,1
170,-1,1 205,-1,1 170,1,1 8,-1,1 170,-1,1 205,1,1 m] m[ 6,1,1 88,1,1
6,-1,1 111,-1,1 6,1,1 88,-1,1 6,-1,1 111,1,1 m] 24,1,1 24,1,1 m[
4,1,1 60,1,1 4,-1,1 137,-1,1 4,1,1 60,-1,1 4,-1,1 137,1,1 m] m[
168,1,1 86,1,1 168,-1,1 115,-1,1 168,1,1 86,-1,1 168,-1,1 115,1,1 m] 24,1,1
24,1,1 m[ 6,1,1 88,1,1 6,-1,1 111,-1,1 6,1,1 88,-1,1 6,-1,1 111,1,1
m] m[ 109,1,1 29,1,1 109,-1,1 165,-1,1 109,1,1 29,-1,1 109,-1,1 165,1,1
m] m[ 163,1,1 55,1,1 163,-1,1 138,-1,1 163,1,1 55,-1,1 163,-1,1 138,1,1
m] m[ 214,-1,4 132,-1,1 214,-1,1 132,1,1 214,1,4 132,-1,1 214,1,1 132,1,1
m] m[ 114,1,1 193,1,1 114,-1,1 5,-1,1 114,1,1 193,-1,1 114,-1,1 5,1,1
m] m[ 127,1,1 206,1,1 127,-1,1 18,-1,1 127,1,1 206,-1,1 127,-1,1 18,1,1
m] m[ 127,1,1 206,1,1 127,-1,1 18,-1,1 127,1,1 206,-1,1 127,-1,1 18,1,1
m] m[ 47,-1,4 128,-1,1 47,-1,1 128,1,1 47,1,4 128,-1,1 47,1,1 128,1,1
m] m[ 47,-1,4 128,-1,1 47,-1,1 128,1,1 47,1,4 128,-1,1 47,1,1 128,1,1
m] m[ 132,-1,4 214,-1,1 132,-1,1 214,1,1 132,1,4 214,-1,1 132,1,1 214,1,1
m] m[ 132,-1,4 214,-1,1 132,-1,1 214,1,1 132,1,4 214,-1,1 132,1,1 214,1,1
m] m[ 78,-1,4 214,-1,1 78,-1,1 214,1,1 78,1,4 214,-1,1 78,1,1 214,1,1
m] m[ 194,1,1 57,1,1 194,-1,1 142,-1,1 194,1,1 57,-1,1 194,-1,1 142,1,1
m] m[ 166,1,1 189,1,1 166,-1,1 4,-1,1 166,1,1 189,-1,1 166,-1,1 4,1,1
m] m[ 178,1,1 197,1,1 178,-1,1 16,-1,1 178,1,1 197,-1,1 178,-1,1 16,1,1
m] m[ 211,-1,4 184,-1,1 211,-1,1 184,1,1 211,1,4 184,-1,1 211,1,1 184,1,1
m] m[ 211,-1,4 184,-1,1 211,-1,1 184,1,1 211,1,4 184,-1,1 211,1,1 184,1,1
m] m[ 211,-1,4 184,-1,1 211,-1,1 184,1,1 211,1,4 184,-1,1 211,1,1 184,1,1
m] m[ 211,-1,4 184,-1,1 211,-1,1 184,1,1 211,1,4 184,-1,1 211,1,1 184,1,1
m] m[ 146,-1,1 170,1,1 62,1,1 170,-1,1 146,1,1 170,1,1 62,-1,1 170,-1,1
m] m[ 146,-1,1 170,1,1 62,1,1 170,-1,1 146,1,1 170,1,1 62,-1,1 170,-1,1
m] m[ 164,1,1 2,1,1 164,-1,1 195,-1,1 164,1,1 2,-1,1 164,-1,1 195,1,1
m] m[ 210,-1,4 183,-1,1 210,-1,1 183,1,1 210,1,4 183,-1,1 210,1,1 183,1,1
m] m[ 210,-1,4 183,-1,1 210,-1,1 183,1,1 210,1,4 183,-1,1 210,1,1 183,1,1
m] m[ 173,1,1 11,1,1 173,-1,1 208,-1,1 173,1,1 11,-1,1 173,-1,1 208,1,1
m] m[ 178,1,1 197,1,1 178,-1,1 16,-1,1 178,1,1 197,-1,1 178,-1,1 16,1,1
m] m[ 139,-1,1 189,1,1 54,1,1 189,-1,1 139,1,1 189,1,1 54,-1,1 189,-1,1
m] m[ 141,-1,1 87,1,1 61,1,1 87,-1,1 141,1,1 87,1,1 61,-1,1 87,-1,1
m] m[ 183,-1,4 103,-1,1 183,-1,1 103,1,1 183,1,4 103,-1,1 183,1,1 103,1,1
m] m[ 97,1,1 45,1,1 97,-1,1 179,-1,1 97,1,1 45,-1,1 97,-1,1 179,1,1
m] m[ 97,1,1 45,1,1 97,-1,1 179,-1,1 97,1,1 45,-1,1 97,-1,1 179,1,1
m] m[ 189,1,1 81,1,1 189,-1,1 112,-1,1 189,1,1 81,-1,1 189,-1,1 112,1,1
m] m[ 189,1,1 81,1,1 189,-1,1 112,-1,1 189,1,1 81,-1,1 189,-1,1 112,1,1
m] m[ 201,1,1 90,1,1 201,-1,1 125,-1,1 201,1,1 90,-1,1 201,-1,1 125,1,1
m] m[ 141,1,1 87,1,1 141,-1,1 115,-1,1 141,1,1 87,-1,1 141,-1,1 115,1,1
m] m[ 101,-1,4 182,-1,1 101,-1,1 182,1,1 101,1,4 182,-1,1 101,1,1 182,1,1
m] m[ 101,-1,4 182,-1,1 101,-1,1 182,1,1 101,1,4 182,-1,1 101,1,1 182,1,1
m] m[ 77,-1,4 185,-1,1 77,-1,1 185,1,1 77,1,4 185,-1,1 77,1,1 185,1,1
m] m[ 178,1,1 70,1,1 178,-1,1 154,-1,1 178,1,1 70,-1,1 178,-1,1 154,1,1
m] m[ 181,1,1 200,1,1 181,-1,1 19,-1,1 181,1,1 200,-1,1 181,-1,1 19,1,1
m] m[ 169,1,1 192,1,1 169,-1,1 7,-1,1 169,1,1 192,-1,1 169,-1,1 7,1,1
m] m[ 180,1,1 199,1,1 180,-1,1 18,-1,1 180,1,1 199,-1,1 180,-1,1 18,1,1
m] m[ 180,1,1 199,1,1 180,-1,1 18,-1,1 180,1,1 199,-1,1 180,-1,1 18,1,1
m] m[ 177,1,1 148,1,1 177,-1,1 69,-1,1 177,1,1 148,-1,1 177,-1,1 69,1,1
m] m[ 137,1,1 4,1,1 137,-1,1 195,-1,1 137,1,1 4,-1,1 137,-1,1 195,1,1
m] m[ 137,1,1 4,1,1 137,-1,1 195,-1,1 137,1,1 4,-1,1 137,-1,1 195,1,1
m] m[ 167,1,1 59,1,1 167,-1,1 142,-1,1 167,1,1 59,-1,1 167,-1,1 142,1,1
m] m[ 128,1,2 47,1,1 128,-1,2 47,-1,4 47,-1,4 128,1,2 47,-1,1 128,-1,2
47,-1,4 128,1,2 47,1,1 128,-1,2 47,-1,4 128,1,2 47,-1,1 128,-1,2 m] 209,1,1
m[ 128,1,2 47,1,1 128,-1,2 47,1,4 128,1,2 47,-1,1 128,-1,2 47,1,4 128,1,2
47,1,1 128,-1,2 47,1,4 47,1,4 128,1,2 47,-1,1 128,-1,2 m] 209,-1,1 m[
171,1,1 9,1,1 171,-1,1 206,-1,1 171,1,1 9,-1,1 171,-1,1 206,1,1 m] m[
171,1,1 9,1,1 171,-1,1 206,-1,1 171,1,1 9,-1,1 171,-1,1 206,1,1 m] m[
168,1,1 86,1,1 168,-1,1 115,-1,1 168,1,1 86,-1,1 168,-1,1 115,1,1 m] m[
179,1,1 97,1,1 179,-1,1 127,-1,1 179,1,1 97,-1,1 179,-1,1 127,1,1 m] m[
179,1,1 97,1,1 179,-1,1 127,-1,1 179,1,1 97,-1,1 179,-1,1 127,1,1 m] m[
178,1,1 197,1,1 178,-1,1 16,-1,1 178,1,1 197,-1,1 178,-1,1 16,1,1 m] m[
178,1,1 197,1,1 178,-1,1 16,-1,1 178,1,1 197,-1,1 178,-1,1 16,1,1 m] m[
137,1,1 4,1,1 137,-1,1 195,-1,1 137,1,1 4,-1,1 137,-1,1 195,1,1 m] m[
57,-1,1 165,1,1 136,1,1 165,-1,1 57,1,1 165,1,1 136,-1,1 165,-1,1 m] m[
173,1,1 143,1,1 173,-1,1 65,-1,1 173,1,1 143,-1,1 173,-1,1 65,1,1 m] m[
173,1,1 143,1,1 173,-1,1 65,-1,1 173,1,1 143,-1,1 173,-1,1 65,1,1 m] m[
172,1,1 116,1,1 172,-1,1 92,-1,1 172,1,1 116,-1,1 172,-1,1 92,1,1 m] m[
204,1,1 145,1,1 204,-1,1 72,-1,1 204,1,1 145,-1,1 204,-1,1 72,1,1 m] m[
174,1,1 93,1,1 174,-1,1 122,-1,1 174,1,1 93,-1,1 174,-1,1 122,1,1 m] m[
174,1,1 93,1,1 174,-1,1 122,-1,1 174,1,1 93,-1,1 174,-1,1 122,1,1 m] m[
126,1,1 152,1,1 126,-1,1 72,-1,1 126,1,1 152,-1,1 126,-1,1 72,1,1 m] m[
126,1,1 152,1,1 126,-1,1 72,-1,1 126,1,1 152,-1,1 126,-1,1 72,1,1 m] m[
64,1,1 15,1,1 64,-1,1 202,-1,1 64,1,1 15,-1,1 64,-1,1 202,1,1 m] m[
145,1,1 13,1,1 145,-1,1 204,-1,1 145,1,1 13,-1,1 145,-1,1 204,1,1 m] m[
125,-1,1 201,1,1 90,1,1 201,-1,1 125,1,1 201,1,1 90,-1,1 201,-1,1 m] m[
125,-1,1 201,1,1 90,1,1 201,-1,1 125,1,1 201,1,1 90,-1,1 201,-1,1 m] m[
183,1,2 103,1,1 183,-1,2 103,1,4 183,1,2 103,-1,1 183,-1,2 103,1,4 183,1,2 103,1,1
183,-1,2 103,1,4 103,1,4 183,1,2 103,-1,1 183,-1,2 m] 158,1,1 m[ 183,1,2
103,1,1 183,-1,2 103,-1,4 103,-1,4 183,1,2 103,-1,1 183,-1,2 103,-1,4 183,1,2 103,1,1
183,-1,2 103,-1,4 183,1,2 103,-1,1 183,-1,2 m] 158,-1,1 m[ 196,1,1 165,1,1
196,-1,1 34,-1,1 196,1,1 165,-1,1 196,-1,1 34,1,1 m] m[ 196,1,1 165,1,1
196,-1,1 34,-1,1 196,1,1 165,-1,1 196,-1,1 34,1,1 m] m[ 31,1,1 60,1,1
31,-1,1 139,-1,1 31,1,1 60,-1,1 31,-1,1 139,1,1 m] m[ 41,-1,1 96,1,1
177,1,1 96,-1,1 41,1,1 96,1,1 177,-1,1 96,-1,1 m] m[ 185,1,2 77,1,1
185,-1,2 77,1,4 185,1,2 77,-1,1 185,-1,2 77,1,4 185,1,2 77,1,1 185,-1,2 77,1,4
77,1,4 185,1,2 77,-1,1 185,-1,2 m] 104,1,1 m[ 185,1,2 77,1,1 185,-1,2
77,-1,4 77,-1,4 185,1,2 77,-1,1 185,-1,2 77,-1,4 185,1,2 77,1,1 185,-1,2 77,-1,4
185,1,2 77,-1,1 185,-1,2 m] 104,-1,1 182,1,1 m[ 109,1,1 135,1,1 109,-1,1
55,-1,1 109,1,1 135,-1,1 109,-1,1 55,1,1 m] 182,-1,1 m[ 170,1,1 62,1,1
170,-1,1 146,-1,1 170,1,1 62,-1,1 170,-1,1 146,1,1 m] m[ 170,1,1 62,1,1
170,-1,1 146,-1,1 170,1,1 62,-1,1 170,-1,1 146,1,1 m] m[ 75,1,4 102,1,2
75,1,1 102,-1,2 75,-1,1 102,1,2 75,-1,1 75,-1,1 102,-1,2 75,-1,4 102,1,2 75,-1,1
75,-1,1 102,-1,2 75,1,1 102,1,2 75,-1,1 102,-1,2 183,1,1 102,1,2 75,1,1 102,-1,2
75,-1,1 102,1,2 75,1,1 75,1,1 102,-1,2 75,1,4 102,1,2 75,1,1 75,1,1 102,-1,2
75,1,1 102,1,2 75,-1,1 102,-1,2 75,-1,4 183,-1,1 m] m[ 102,1,2 75,1,1
102,-1,2 75,-1,4 75,-1,4 102,1,2 75,-1,1 102,-1,2 75,-1,4 102,1,2 75,1,1 102,-1,2
75,-1,4 102,1,2 75,-1,1 102,-1,2 183,1,1 102,1,2 75,1,1 102,-1,2 75,1,4 102,1,2
75,-1,1 102,-1,2 75,1,4 102,1,2 75,1,1 102,-1,2 75,1,4 75,1,4 102,1,2 75,-1,1
102,-1,2 183,-1,1 m] m[ 75,1,4 20,1,2 75,1,1 20,-1,2 75,-1,1 20,1,2
75,-1,1 75,-1,1 20,-1,2 75,-1,4 20,1,2 75,-1,1 75,-1,1 20,-1,2 75,1,1 20,1,2
75,-1,1 20,-1,2 183,1,1 20,1,2 75,1,1 20,-1,2 75,-1,1 20,1,2 75,1,1 75,1,1
20,-1,2 75,1,4 20,1,2 75,1,1 75,1,1 20,-1,2 75,1,1 20,1,2 75,-1,1 20,-1,2
75,-1,4 183,-1,1 m] m[ 106,1,2 52,1,1 106,-1,2 52,-1,4 52,-1,4 106,1,2
52,-1,1 106,-1,2 52,-1,4 106,1,2 52,1,1 106,-1,2 52,-1,4 106,1,2 52,-1,1 106,-1,2
20,1,1 106,1,2 52,1,1 106,-1,2 52,1,4 106,1,2 52,-1,1 106,-1,2 52,1,4 106,1,2
52,1,1 106,-1,2 52,1,4 52,1,4 106,1,2 52,-1,1 106,-1,2 20,-1,1 m] m[
209,1,4 102,1,2 209,1,1 102,-1,2 209,-1,1 102,1,2 209,-1,1 209,-1,1 102,-1,2 209,-1,4
102,1,2 209,-1,1 209,-1,1 102,-1,2 209,1,1 102,1,2 209,-1,1 102,-1,2 187,1,1 102,1,2
209,1,1 102,-1,2 209,-1,1 102,1,2 209,1,1 209,1,1 102,-1,2 209,1,4 102,1,2 209,1,1
209,1,1 102,-1,2 209,1,1 102,1,2 209,-1,1 102,-1,2 209,-1,4 187,-1,1 m] m[
209,1,4 75,1,2 209,1,1 75,-1,2 209,-1,1 75,1,2 209,-1,1 209,-1,1 75,-1,2 209,-1,4
75,1,2 209,-1,1 209,-1,1 75,-1,2 209,1,1 75,1,2 209,-1,1 75,-1,2 187,1,1 75,1,2
209,1,1 75,-1,2 209,-1,1 75,1,2 209,1,1 209,1,1 75,-1,2 209,1,4 75,1,2 209,1,1
209,1,1 75,-1,2 209,1,1 75,1,2 209,-1,1 75,-1,2 209,-1,4 187,-1,1 m] m[
166,1,1 189,1,1 166,-1,1 4,-1,1 166,1,1 189,-1,1 166,-1,1 4,1,1 m] m[
177,1,1 148,1,1 177,-1,1 69,-1,1 177,1,1 148,-1,1 177,-1,1 69,1,1 m] m[
172,1,1 116,1,1 172,-1,1 92,-1,1 172,1,1 116,-1,1 172,-1,1 92,1,1 m] m[
173,1,1 143,1,1 173,-1,1 65,-1,1 173,1,1 143,-1,1 173,-1,1 65,1,1 m] m[
173,1,1 143,1,1 173,-1,1 65,-1,1 173,1,1 143,-1,1 173,-1,1 65,1,1 m] m[
2,1,1 139,1,1 2,-1,1 54,-1,1 2,1,1 139,-1,1 2,-1,1 54,1,1 m] m[
186,1,2 213,1,1 186,-1,2 213,-1,4 213,-1,4 186,1,2 213,-1,1 186,-1,2 213,-1,4 186,1,2
213,1,1 186,-1,2 213,-1,4 186,1,2 213,-1,1 186,-1,2 79,1,1 186,1,2 213,1,1 186,-1,2
213,1,4 186,1,2 213,-1,1 186,-1,2 213,1,4 186,1,2 213,1,1 186,-1,2 213,1,4 213,1,4
186,1,2 213,-1,1 186,-1,2 79,-1,1 m] m[ 186,1,2 213,1,1 186,-1,2 213,-1,4
213,-1,4 186,1,2 213,-1,1 186,-1,2 213,-1,4 186,1,2 213,1,1 186,-1,2 213,-1,4 186,1,2
213,-1,1 186,-1,2 79,1,1 186,1,2 213,1,1 186,-1,2 213,1,4 186,1,2 213,-1,1 186,-1,2
213,1,4 186,1,2 213,1,1 186,-1,2 213,1,4 213,1,4 186,1,2 213,-1,1 186,-1,2 79,-1,1
m] m[ 104,1,2 213,1,1 104,-1,2 213,-1,4 213,-1,4 104,1,2 213,-1,1 104,-1,2
213,-1,4 104,1,2 213,1,1 104,-1,2 213,-1,4 104,1,2 213,-1,1 104,-1,2 79,1,1 104,1,2
213,1,1 104,-1,2 213,1,4 104,1,2 213,-1,1 104,-1,2 213,1,4 104,1,2 213,1,1 104,-1,2
213,1,4 213,1,4 104,1,2 213,-1,1 104,-1,2 79,-1,1 m] m[ 104,1,2 213,1,1
104,-1,2 213,-1,4 213,-1,4 104,1,2 213,-1,1 104,-1,2 213,-1,4 104,1,2 213,1,1 104,-1,2
213,-1,4 104,1,2 213,-1,1 104,-1,2 79,1,1 104,1,2 213,1,1 104,-1,2 213,1,4 104,1,2
213,-1,1 104,-1,2 213,1,4 104,1,2 213,1,1 104,-1,2 213,1,4 213,1,4 104,1,2 213,-1,1
104,-1,2 79,-1,1 m] m[ 8,1,1 43,1,1 8,-1,1 170,-1,1 8,1,1 43,-1,1
8,-1,1 170,1,1 m] m[ 8,1,1 43,1,1 8,-1,1 170,-1,1 8,1,1 43,-1,1
8,-1,1 170,1,1 m] m[ 23,1,1 160,1,2 133,1,1 160,-1,2 133,-1,4 133,-1,4
160,1,2 133,-1,1 160,-1,2 133,-1,4 160,1,2 133,1,1 160,-1,2 133,-1,4 160,1,2 133,-1,1
160,-1,2 23,-1,1 160,1,2 133,1,1 160,-1,2 133,1,4 160,1,2 133,-1,1 160,-1,2 133,1,4
160,1,2 133,1,1 160,-1,2 133,1,4 133,1,4 160,1,2 133,-1,1 160,-1,2 m] m[
89,1,1 37,1,1 89,-1,1 171,-1,1 89,1,1 37,-1,1 89,-1,1 171,1,1 m] m[
89,1,1 37,1,1 89,-1,1 171,-1,1 89,1,1 37,-1,1 89,-1,1 171,1,1 m] m[
2,1,1 139,1,1 2,-1,1 54,-1,1 2,1,1 139,-1,1 2,-1,1 54,1,1 m] m[
50,1,2 212,1,1 50,-1,2 212,-1,4 212,-1,4 50,1,2 212,-1,1 50,-1,2 212,-1,4 50,1,2
212,1,1 50,-1,2 212,-1,4 50,1,2 212,-1,1 50,-1,2 106,1,1 50,1,2 212,1,1 50,-1,2
212,1,4 50,1,2 212,-1,1 50,-1,2 212,1,4 50,1,2 212,1,1 50,-1,2 212,1,4 212,1,4
50,1,2 212,-1,1 50,-1,2 106,-1,1 m] m[ 18,1,1 127,1,1 18,-1,1 92,-1,1
18,1,1 127,-1,1 18,-1,1 92,1,1 m] m[ 55,1,1 109,1,1 55,-1,1 81,-1,1
55,1,1 109,-1,1 55,-1,1 81,1,1 m] m[ 104,1,1 23,1,2 158,1,1 23,-1,2
158,-1,4 158,-1,4 23,1,2 158,-1,1 23,-1,2 158,-1,4 23,1,2 158,1,1 23,-1,2 158,-1,4
23,1,2 158,-1,1 23,-1,2 104,-1,1 23,1,2 158,1,1 23,-1,2 158,1,4 23,1,2 158,-1,1
23,-1,2 158,1,4 23,1,2 158,1,1 23,-1,2 158,1,4 158,1,4 23,1,2 158,-1,1 23,-1,2
m] 183,-1,1 m[ 61,1,1 115,1,1 61,-1,1 87,-1,1 61,1,1 115,-1,1 61,-1,1
87,1,1 m] 183,1,1 m[ 1,-1,1 32,1,1 194,1,1 32,-1,1 1,1,1 32,1,1
194,-1,1 32,-1,1 m] m[ 136,-1,1 28,1,1 57,1,1 28,-1,1 136,1,1 28,1,1
57,-1,1 28,-1,1 m] 102,1,1 m[ 192,-1,1 30,1,1 7,1,1 30,-1,1 192,1,1
30,1,1 7,-1,1 30,-1,1 m] 102,-1,1 m[ 74,1,2 101,1,1 74,-1,2 101,-1,4
101,-1,4 74,1,2 101,-1,1 74,-1,2 101,-1,4 74,1,2 101,1,1 74,-1,2 101,-1,4 74,1,2
101,-1,1 74,-1,2 211,1,1 74,1,2 101,1,1 74,-1,2 101,1,4 74,1,2 101,-1,1 74,-1,2
101,1,4 74,1,2 101,1,1 74,-1,2 101,1,4 101,1,4 74,1,2 101,-1,1 74,-1,2 211,-1,1
m] m[ 74,1,2 101,1,1 74,-1,2 101,-1,4 101,-1,4 74,1,2 101,-1,1 74,-1,2
101,-1,4 74,1,2 101,1,1 74,-1,2 101,-1,4 74,1,2 101,-1,1 74,-1,2 211,1,1 74,1,2
101,1,1 74,-1,2 101,1,4 74,1,2 101,-1,1 74,-1,2 101,1,4 74,1,2 101,1,1 74,-1,2
101,1,4 101,1,4 74,1,2 101,-1,1 74,-1,2 211,-1,1 m] 102,1,1 m[ 192,-1,1
30,1,1 7,1,1 30,-1,1 192,1,1 30,1,1 7,-1,1 30,-1,1 m] 102,-1,1 m[
44,1,1 100,1,1 44,-1,1 124,-1,1 44,1,1 100,-1,1 44,-1,1 124,1,1 m] 101,-1,1
m[ 55,-1,1 3,1,1 140,1,1 3,-1,1 55,1,1 3,1,1 140,-1,1 3,-1,1 m]
101,1,1 m[ 15,1,1 153,1,1 15,-1,1 64,-1,1 15,1,1 153,-1,1 15,-1,1 64,1,1
m] m[ 15,1,1 153,1,1 15,-1,1 64,-1,1 15,1,1 153,-1,1 15,-1,1 64,1,1
m] m[ 155,1,2 128,1,1 155,-1,2 128,-1,4 128,-1,4 155,1,2 128,-1,1 155,-1,2
128,-1,4 155,1,2 128,1,1 155,-1,2 128,-1,4 155,1,2 128,-1,1 155,-1,2 212,1,1 155,1,2
128,1,1 155,-1,2 128,1,4 155,1,2 128,-1,1 155,-1,2 128,1,4 155,1,2 128,1,1 155,-1,2
128,1,4 128,1,4 155,1,2 128,-1,1 155,-1,2 212,-1,1 m] m[ 155,1,2 128,1,1
155,-1,2 128,-1,4 128,-1,4 155,1,2 128,-1,1 155,-1,2 128,-1,4 155,1,2 128,1,1 155,-1,2
128,-1,4 155,1,2 128,-1,1 155,-1,2 212,1,1 155,1,2 128,1,1 155,-1,2 128,1,4 155,1,2
128,-1,1 155,-1,2 128,1,4 155,1,2 128,1,1 155,-1,2 128,1,4 128,1,4 155,1,2 128,-1,1
155,-1,2 212,-1,1 m] m[ 36,1,1 17,1,1 36,-1,1 198,-1,1 36,1,1 17,-1,1
36,-1,1 198,1,1 m] m[ 36,1,1 17,1,1 36,-1,1 198,-1,1 36,1,1 17,-1,1
36,-1,1 198,1,1 m] m[ 105,1,1 212,1,2 185,1,1 212,-1,2 185,-1,4 185,-1,4
212,1,2 185,-1,1 212,-1,2 185,-1,4 212,1,2 185,1,1 212,-1,2 185,-1,4 212,1,2 185,-1,1
212,-1,2 105,-1,1 212,1,2 185,1,1 212,-1,2 185,1,4 212,1,2 185,-1,1 212,-1,2 185,1,4
212,1,2 185,1,1 212,-1,2 185,1,4 185,1,4 212,1,2 185,-1,1 212,-1,2 m] 131,-1,1
m[ 136,-1,1 28,1,1 57,1,1 28,-1,1 136,1,1 28,1,1 57,-1,1 28,-1,1 m]
131,1,1 m[ 117,1,1 63,1,1 117,-1,1 145,-1,1 117,1,1 63,-1,1 117,-1,1 145,1,1
m] 49,-1,1 m[ 78,1,2 105,1,1 78,-1,2 105,-1,4 105,-1,4 78,1,2 105,-1,1
78,-1,2 105,-1,4 78,1,2 105,1,1 78,-1,2 105,-1,4 78,1,2 105,-1,1 78,-1,2 49,1,1
78,1,2 105,1,1 78,-1,2 105,1,4 78,1,2 105,-1,1 78,-1,2 105,1,4 78,1,2 105,1,1
78,-1,2 105,1,4 105,1,4 78,1,2 105,-1,1 78,-1,2 49,-1,1 m] 49,1,1 m[
214,1,2 105,1,1 214,-1,2 105,-1,4 105,-1,4 214,1,2 105,-1,1 214,-1,2 105,-1,4 214,1,2
105,1,1 214,-1,2 105,-1,4 214,1,2 105,-1,1 214,-1,2 49,1,1 214,1,2 105,1,1 214,-1,2
105,1,4 214,1,2 105,-1,1 214,-1,2 105,1,4 214,1,2 105,1,1 214,-1,2 105,1,4 105,1,4
214,1,2 105,-1,1 214,-1,2 49,-1,1 m] m[ 214,1,2 105,1,1 214,-1,2 105,-1,4
105,-1,4 214,1,2 105,-1,1 214,-1,2 105,-1,4 214,1,2 105,1,1 214,-1,2 105,-1,4 214,1,2
105,-1,1 214,-1,2 49,1,1 214,1,2 105,1,1 214,-1,2 105,1,4 214,1,2 105,-1,1 214,-1,2
105,1,4 214,1,2 105,1,1 214,-1,2 105,1,4 105,1,4 214,1,2 105,-1,1 214,-1,2 49,-1,1
m] m[ 49,1,1 159,1,2 105,1,1 159,-1,2 105,-1,4 105,-1,4 159,1,2 105,-1,1
159,-1,2 105,-1,4 159,1,2 105,1,1 159,-1,2 105,-1,4 159,1,2 105,-1,1 159,-1,2 49,-1,1
159,1,2 105,1,1 159,-1,2 105,1,4 159,1,2 105,-1,1 159,-1,2 105,1,4 159,1,2 105,1,1
159,-1,2 105,1,4 105,1,4 159,1,2 105,-1,1 159,-1,2 m] m[ 184,1,4 211,1,2
184,1,1 211,-1,2 184,-1,1 211,1,2 184,-1,1 184,-1,1 211,-1,2 184,-1,4 211,1,2 184,-1,1
184,-1,1 211,-1,2 184,1,1 211,1,2 184,-1,1 211,-1,2 132,1,1 211,1,2 184,1,1 211,-1,2
184,-1,1 211,1,2 184,1,1 184,1,1 211,-1,2 184,1,4 211,1,2 184,1,1 184,1,1 211,-1,2
184,1,1 211,1,2 184,-1,1 211,-1,2 184,-1,4 132,-1,1 m] m[ 25,1,2 105,1,1
25,-1,2 105,-1,4 105,-1,4 25,1,2 105,-1,1 25,-1,2 105,-1,4 25,1,2 105,1,1 25,-1,2
105,-1,4 25,1,2 105,-1,1 25,-1,2 49,1,1 25,1,2 105,1,1 25,-1,2 105,1,4 25,1,2
105,-1,1 25,-1,2 105,1,4 25,1,2 105,1,1 25,-1,2 105,1,4 105,1,4 25,1,2 105,-1,1
25,-1,2 49,-1,1 m] m[ 25,1,2 105,1,1 25,-1,2 105,-1,4 105,-1,4 25,1,2
105,-1,1 25,-1,2 105,-1,4 25,1,2 105,1,1 25,-1,2 105,-1,4 25,1,2 105,-1,1 25,-1,2
49,1,1 25,1,2 105,1,1 25,-1,2 105,1,4 25,1,2 105,-1,1 25,-1,2 105,1,4 25,1,2
105,1,1 25,-1,2 105,1,4 105,1,4 25,1,2 105,-1,1 25,-1,2 49,-1,1 m] m[
211,1,1 74,1,2 101,1,1 74,-1,2 101,-1,4 101,-1,4 74,1,2 101,-1,1 74,-1,2 101,-1,4
74,1,2 101,1,1 74,-1,2 101,-1,4 74,1,2 101,-1,1 74,-1,2 211,-1,1 74,1,2 101,1,1
74,-1,2 101,1,4 74,1,2 101,-1,1 74,-1,2 101,1,4 74,1,2 101,1,1 74,-1,2 101,1,4
101,1,4 74,1,2 101,-1,1 74,-1,2 m] m[ 76,1,4 49,1,2 76,1,1 49,-1,2
76,-1,1 49,1,2 76,-1,1 76,-1,1 49,-1,2 76,-1,4 49,1,2 76,-1,1 76,-1,1 49,-1,2
76,1,1 49,1,2 76,-1,1 49,-1,2 130,1,1 49,1,2 76,1,1 49,-1,2 76,-1,1 49,1,2
76,1,1 76,1,1 49,-1,2 76,1,4 49,1,2 76,1,1 76,1,1 49,-1,2 76,1,1 49,1,2
76,-1,1 49,-1,2 76,-1,4 130,-1,1 m] m[ 55,-1,1 3,1,1 140,1,1 3,-1,1
55,1,1 3,1,1 140,-1,1 3,-1,1 m] m[ 28,-1,1 5,1,1 167,1,1 5,-1,1
28,1,1 5,1,1 167,-1,1 5,-1,1 m] m[ 3,1,1 140,1,1 3,-1,1 55,-1,1
3,1,1 140,-1,1 3,-1,1 55,1,1 m] 211,1,1 211,1,1 m[ 182,1,2 101,1,1
182,-1,2 101,-1,4 101,-1,4 182,1,2 101,-1,1 182,-1,2 101,-1,4 182,1,2 101,1,1 182,-1,2
101,-1,4 182,1,2 101,-1,1 182,-1,2 211,1,1 182,1,2 101,1,1 182,-1,2 101,1,4 182,1,2
101,-1,1 182,-1,2 101,1,4 182,1,2 101,1,1 182,-1,2 101,1,4 101,1,4 182,1,2 101,-1,1
182,-1,2 211,-1,1 m] 211,-1,1 211,-1,1 m[ 182,1,2 101,1,1 182,-1,2 101,-1,4
101,-1,4 182,1,2 101,-1,1 182,-1,2 101,-1,4 182,1,2 101,1,1 182,-1,2 101,-1,4 182,1,2
101,-1,1 182,-1,2 211,1,1 182,1,2 101,1,1 182,-1,2 101,1,4 182,1,2 101,-1,1 182,-1,2
101,1,4 182,1,2 101,1,1 182,-1,2 101,1,4 101,1,4 182,1,2 101,-1,1 182,-1,2 211,-1,1
m] m[ 55,1,1 3,1,1 55,-1,1 190,-1,1 55,1,1 3,-1,1 55,-1,1 190,1,1
m] 104,1,1 104,1,1 104,1,2 104,1,2 m[ 5,-1,1 61,1,1 196,1,1 61,-1,1
5,1,1 61,1,1 196,-1,1 61,-1,1 m] 104,1,1 104,1,1 104,1,2 104,1,2 m[
55,1,1 3,1,1 55,-1,1 190,-1,1 55,1,1 3,-1,1 55,-1,1 190,1,1 m] m[
157,1,4 49,1,2 157,1,1 49,-1,2 157,-1,1 49,1,2 157,-1,1 157,-1,1 49,-1,2 157,-1,4
49,1,2 157,-1,1 157,-1,1 49,-1,2 157,1,1 49,1,2 157,-1,1 49,-1,2 131,1,1 49,1,2
157,1,1 49,-1,2 157,-1,1 49,1,2 157,1,1 157,1,1 49,-1,2 157,1,4 49,1,2 157,1,1
157,1,1 49,-1,2 157,1,1 49,1,2 157,-1,1 49,-1,2 157,-1,4 131,-1,1 m] m[
211,1,1 74,1,2 101,1,1 74,-1,2 101,-1,4 101,-1,4 74,1,2 101,-1,1 74,-1,2 101,-1,4
74,1,2 101,1,1 74,-1,2 101,-1,4 74,1,2 101,-1,1 74,-1,2 211,-1,1 74,1,2 101,1,1
74,-1,2 101,1,4 74,1,2 101,-1,1 74,-1,2 101,1,4 74,1,2 101,1,1 74,-1,2 101,1,4
101,1,4 74,1,2 101,-1,1 74,-1,2 m] 106,1,1 106,1,2 m[ 196,1,1 138,1,1
196,-1,1 61,-1,1 196,1,1 138,-1,1 196,-1,1 61,1,1 m] 101,1,1 101,1,2 m[
101,1,1 77,1,2 23,1,1 77,-1,2 23,-1,4 23,-1,4 77,1,2 23,-1,1 77,-1,2 23,-1,4
77,1,2 23,1,1 77,-1,2 23,-1,4 77,1,2 23,-1,1 77,-1,2 101,-1,1 77,1,2 23,1,1
77,-1,2 23,1,4 77,1,2 23,-1,1 77,-1,2 23,1,4 77,1,2 23,1,1 77,-1,2 23,1,4
23,1,4 77,1,2 23,-1,1 77,-1,2 m] m[ 155,1,1 103,1,2 21,1,1 103,-1,2
21,-1,4 21,-1,4 103,1,2 21,-1,1 103,-1,2 21,-1,4 103,1,2 21,1,1 103,-1,2 21,-1,4
103,1,2 21,-1,1 103,-1,2 155,-1,1 103,1,2 21,1,1 103,-1,2 21,1,4 103,1,2 21,-1,1
103,-1,2 21,1,4 103,1,2 21,1,1 103,-1,2 21,1,4 21,1,4 103,1,2 21,-1,1 103,-1,2
m] m[ 47,1,1 159,1,2 25,1,1 159,-1,2 25,-1,4 25,-1,4 159,1,2 25,-1,1
159,-1,2 25,-1,4 159,1,2 25,1,1 159,-1,2 25,-1,4 159,1,2 25,-1,1 159,-1,2 47,-1,1
159,1,2 25,1,1 159,-1,2 25,1,4 159,1,2 25,-1,1 159,-1,2 25,1,4 159,1,2 25,1,1
159,-1,2 25,1,4 25,1,4 159,1,2 25,-1,1 159,-1,2 m] m[ 74,1,1 131,1,2
24,1,1 131,-1,2 24,-1,4 24,-1,4 131,1,2 24,-1,1 131,-1,2 24,-1,4 131,1,2 24,1,1
131,-1,2 24,-1,4 131,1,2 24,-1,1 131,-1,2 74,-1,1 131,1,2 24,1,1 131,-1,2 24,1,4
131,1,2 24,-1,1 131,-1,2 24,1,4 131,1,2 24,1,1 131,-1,2 24,1,4 24,1,4 131,1,2
24,-1,1 131,-1,2 m] 133,1,1 m[ 184,1,4 157,1,2 184,1,1 157,-1,2 184,-1,1
157,1,2 184,-1,1 184,-1,1 157,-1,2 184,-1,4 157,1,2 184,-1,1 184,-1,1 157,-1,2 184,1,1
157,1,2 184,-1,1 157,-1,2 132,1,1 157,1,2 184,1,1 157,-1,2 184,-1,1 157,1,2 184,1,1
184,1,1 157,-1,2 184,1,4 157,1,2 184,1,1 184,1,1 157,-1,2 184,1,1 157,1,2 184,-1,1
157,-1,2 184,-1,4 132,-1,1 m] 133,-1,1 m[ 22,1,1 187,1,2 106,1,1 187,-1,2
106,-1,4 106,-1,4 187,1,2 106,-1,1 187,-1,2 106,-1,4 187,1,2 106,1,1 187,-1,2 106,-1,4
187,1,2 106,-1,1 187,-1,2 22,-1,1 187,1,2 106,1,1 187,-1,2 106,1,4 187,1,2 106,-1,1
187,-1,2 106,1,4 187,1,2 106,1,1 187,-1,2 106,1,4 106,1,4 187,1,2 106,-1,1 187,-1,2
m] m[ 133,1,1 211,1,4 184,1,2 211,1,1 184,-1,2 211,-1,1 184,1,2 211,-1,1
211,-1,1 184,-1,2 211,-1,4 184,1,2 211,-1,1 211,-1,1 184,-1,2 211,1,1 184,1,2 211,-1,1
184,-1,2 133,-1,1 184,1,2 211,1,1 184,-1,2 211,-1,1 184,1,2 211,1,1 211,1,1 184,-1,2
211,1,4 184,1,2 211,1,1 211,1,1 184,-1,2 211,1,1 184,1,2 211,-1,1 184,-1,2 211,-1,4
m] m[ 187,1,2 106,1,1 187,-1,2 106,-1,4 106,-1,4 187,1,2 106,-1,1 187,-1,2
106,-1,4 187,1,2 106,1,1 187,-1,2 106,-1,4 187,1,2 106,-1,1 187,-1,2 22,1,1 187,1,2
106,1,1 187,-1,2 106,1,4 187,1,2 106,-1,1 187,-1,2 106,1,4 187,1,2 106,1,1 187,-1,2
106,1,4 106,1,4 187,1,2 106,-1,1 187,-1,2 22,-1,1 m] 128,1,1 m[ 29,1,1
137,1,1 29,-1,1 54,-1,1 29,1,1 137,-1,1 29,-1,1 54,1,1 m] m[ 31,1,1
60,1,1 31,-1,1 139,-1,1 31,1,1 60,-1,1 31,-1,1 139,1,1 m] 133,1,1 m[
159,1,1 210,1,2 183,1,1 210,-1,2 183,-1,4 183,-1,4 210,1,2 183,-1,1 210,-1,2 183,-1,4
210,1,2 183,1,1 210,-1,2 183,-1,4 210,1,2 183,-1,1 210,-1,2 159,-1,1 210,1,2 183,1,1
210,-1,2 183,1,4 210,1,2 183,-1,1 210,-1,2 183,1,4 210,1,2 183,1,1 210,-1,2 183,1,4
183,1,4 210,1,2 183,-1,1 210,-1,2 m] m[ 210,1,2 183,1,1 210,-1,2 183,-1,4
183,-1,4 210,1,2 183,-1,1 210,-1,2 183,-1,4 210,1,2 183,1,1 210,-1,2 183,-1,4 210,1,2
183,-1,1 210,-1,2 159,1,1 210,1,2 183,1,1 210,-1,2 183,1,4 210,1,2 183,-1,1 210,-1,2
183,1,4 210,1,2 183,1,1 210,-1,2 183,1,4 183,1,4 210,1,2 183,-1,1 210,-1,2 159,-1,1
m] 133,-1,1 m[ 139,-1,1 31,1,1 60,1,1 31,-1,1 139,1,1 31,1,1 60,-1,1
31,-1,1 m] 133,1,1 m[ 78,1,1 24,1,2 186,1,1 24,-1,2 186,-1,4 186,-1,4
24,1,2 186,-1,1 24,-1,2 186,-1,4 24,1,2 186,1,1 24,-1,2 186,-1,4 24,1,2 186,-1,1
24,-1,2 78,-1,1 24,1,2 186,1,1 24,-1,2 186,1,4 24,1,2 186,-1,1 24,-1,2 186,1,4
24,1,2 186,1,1 24,-1,2 186,1,4 186,1,4 24,1,2 186,-1,1 24,-1,2 m] 130,-1,1
m[ 189,-1,1 27,1,1 4,1,1 27,-1,1 189,1,1 27,1,1 4,-1,1 27,-1,1 m]
130,1,1 m[ 25,1,2 132,1,1 25,-1,2 132,-1,4 132,-1,4 25,1,2 132,-1,1 25,-1,2
132,-1,4 25,1,2 132,1,1 25,-1,2 132,-1,4 25,1,2 132,-1,1 25,-1,2 50,1,1 25,1,2
132,1,1 25,-1,2 132,1,4 25,1,2 132,-1,1 25,-1,2 132,1,4 25,1,2 132,1,1 25,-1,2
132,1,4 132,1,4 25,1,2 132,-1,1 25,-1,2 50,-1,1 m] 131,-1,1 m[ 33,1,1
195,1,1 33,-1,1 2,-1,1 33,1,1 195,-1,1 33,-1,1 2,1,1 m] 131,1,1 m[
98,1,1 72,1,1 98,-1,1 152,-1,1 98,1,1 72,-1,1 98,-1,1 152,1,1 m] m[
99,1,1 204,1,1 99,-1,1 14,-1,1 99,1,1 204,-1,1 99,-1,1 14,1,1 m] m[
90,1,1 13,1,1 90,-1,1 201,-1,1 90,1,1 13,-1,1 90,-1,1 201,1,1 m] 103,-1,1
m[ 29,1,1 137,1,1 29,-1,1 54,-1,1 29,1,1 137,-1,1 29,-1,1 54,1,1 m]
103,1,1 m[ 54,-1,1 29,1,1 137,1,1 29,-1,1 54,1,1 29,1,1 137,-1,1 29,-1,1
m] m[ 97,-1,1 45,1,1 127,1,1 45,-1,1 97,1,1 45,1,1 127,-1,1 45,-1,1
m] m[ 91,1,1 145,1,1 91,-1,1 63,-1,1 91,1,1 145,-1,1 91,-1,1 63,1,1
m] m[ 91,1,1 145,1,1 91,-1,1 63,-1,1 91,1,1 145,-1,1 91,-1,1 63,1,1
m] m[ 159,1,2 132,1,1 159,-1,2 132,-1,4 132,-1,4 159,1,2 132,-1,1 159,-1,2
132,-1,4 159,1,2 132,1,1 159,-1,2 132,-1,4 159,1,2 132,-1,1 159,-1,2 50,1,1 159,1,2
132,1,1 159,-1,2 132,1,4 159,1,2 132,-1,1 159,-1,2 132,1,4 159,1,2 132,1,1 159,-1,2
132,1,4 132,1,4 159,1,2 132,-1,1 159,-1,2 50,-1,1 m] m[ 77,1,1 213,1,2
131,1,1 213,-1,2 131,-1,4 131,-1,4 213,1,2 131,-1,1 213,-1,2 131,-1,4 213,1,2 131,1,1
213,-1,2 131,-1,4 213,1,2 131,-1,1 213,-1,2 77,-1,1 213,1,2 131,1,1 213,-1,2 131,1,4
213,1,2 131,-1,1 213,-1,2 131,1,4 213,1,2 131,1,1 213,-1,2 131,1,4 131,1,4 213,1,2
131,-1,1 213,-1,2 m] m[ 158,1,1 21,1,2 130,1,1 21,-1,2 130,-1,4 130,-1,4
21,1,2 130,-1,1 21,-1,2 130,-1,4 21,1,2 130,1,1 21,-1,2 130,-1,4 21,1,2 130,-1,1
21,-1,2 158,-1,1 21,1,2 130,1,1 21,-1,2 130,1,4 21,1,2 130,-1,1 21,-1,2 130,1,4
21,1,2 130,1,1 21,-1,2 130,1,4 130,1,4 21,1,2 130,-1,1 21,-1,2 m] m[
155,1,2 128,1,1 155,-1,2 128,-1,4 128,-1,4 155,1,2 128,-1,1 155,-1,2 128,-1,4 155,1,2
128,1,1 155,-1,2 128,-1,4 155,1,2 128,-1,1 155,-1,2 212,1,1 155,1,2 128,1,1 155,-1,2
128,1,4 155,1,2 128,-1,1 155,-1,2 128,1,4 155,1,2 128,1,1 155,-1,2 128,1,4 128,1,4
155,1,2 128,-1,1 155,-1,2 212,-1,1 m] m[ 11,-1,1 46,1,1 208,1,1 46,-1,1
11,1,1 46,1,1 208,-1,1 46,-1,1 m] 101,-1,1 m[ 33,1,1 195,1,1 33,-1,1
2,-1,1 33,1,1 195,-1,1 33,-1,1 2,1,1 m] m[ 25,1,2 132,1,1 25,-1,2
132,-1,4 132,-1,4 25,1,2 132,-1,1 25,-1,2 132,-1,4 25,1,2 132,1,1 25,-1,2 132,-1,4
25,1,2 132,-1,1 25,-1,2 50,1,1 25,1,2 132,1,1 25,-1,2 132,1,4 25,1,2 132,-1,1
25,-1,2 132,1,4 25,1,2 132,1,1 25,-1,2 132,1,4 132,1,4 25,1,2 132,-1,1 25,-1,2
50,-1,1 m] m[ 2,-1,1 33,1,1 195,1,1 33,-1,1 2,1,1 33,1,1 195,-1,1
33,-1,1 m] 101,1,1 m[ 21,1,2 130,1,1 21,-1,2 130,-1,4 130,-1,4 21,1,2
130,-1,1 21,-1,2 130,-1,4 21,1,2 130,1,1 21,-1,2 130,-1,4 21,1,2 130,-1,1 21,-1,2
158,1,1 21,1,2 130,1,1 21,-1,2 130,1,4 21,1,2 130,-1,1 21,-1,2 130,1,4 21,1,2
130,1,1 21,-1,2 130,1,4 130,1,4 21,1,2 130,-1,1 21,-1,2 158,-1,1 m] m[
50,1,1 214,1,2 132,1,1 214,-1,2 132,-1,4 132,-1,4 214,1,2 132,-1,1 214,-1,2 132,-1,4
214,1,2 132,1,1 214,-1,2 132,-1,4 214,1,2 132,-1,1 214,-1,2 50,-1,1 214,1,2 132,1,1
214,-1,2 132,1,4 214,1,2 132,-1,1 214,-1,2 132,1,4 214,1,2 132,1,1 214,-1,2 132,1,4
132,1,4 214,1,2 132,-1,1 214,-1,2 m] m[ 74,1,2 182,1,1 74,-1,2 182,-1,4
182,-1,4 74,1,2 182,-1,1 74,-1,2 182,-1,4 74,1,2 182,1,1 74,-1,2 182,-1,4 74,1,2
182,-1,1 74,-1,2 214,1,1 74,1,2 182,1,1 74,-1,2 182,1,4 74,1,2 182,-1,1 74,-1,2
182,1,4 74,1,2 182,1,1 74,-1,2 182,1,4 182,1,4 74,1,2 182,-1,1 74,-1,2 214,-1,1
m] m[ 36,1,1 17,1,1 36,-1,1 198,-1,1 36,1,1 17,-1,1 36,-1,1 198,1,1
m] m[ 108,1,1 0,1,1 108,-1,1 190,-1,1 108,1,1 0,-1,1 108,-1,1 190,1,1
m] m[ 214,1,1 155,1,2 182,1,1 155,-1,2 182,-1,4 182,-1,4 155,1,2 182,-1,1
155,-1,2 182,-1,4 155,1,2 182,1,1 155,-1,2 182,-1,4 155,1,2 182,-1,1 155,-1,2 214,-1,1
155,1,2 182,1,1 155,-1,2 182,1,4 155,1,2 182,-1,1 155,-1,2 182,1,4 155,1,2 182,1,1
155,-1,2 182,1,4 182,1,4 155,1,2 182,-1,1 155,-1,2 m] m[ 159,1,1 21,1,2
183,1,1 21,-1,2 183,-1,4 183,-1,4 21,1,2 183,-1,1 21,-1,2 183,-1,4 21,1,2 183,1,1
21,-1,2 183,-1,4 21,1,2 183,-1,1 21,-1,2 159,-1,1 21,1,2 183,1,1 21,-1,2 183,1,4
21,1,2 183,-1,1 21,-1,2 183,1,4 21,1,2 183,1,1 21,-1,2 183,1,4 183,1,4 21,1,2
183,-1,1 21,-1,2 m] 20,1,1 20,1,1 m[ 132,1,1 211,1,2 184,1,1 211,-1,2
184,-1,4 184,-1,4 211,1,2 184,-1,1 211,-1,2 184,-1,4 211,1,2 184,1,1 211,-1,2 184,-1,4
211,1,2 184,-1,1 211,-1,2 132,-1,1 211,1,2 184,1,1 211,-1,2 184,1,4 211,1,2 184,-1,1
211,-1,2 184,1,4 211,1,2 184,1,1 211,-1,2 184,1,4 184,1,4 211,1,2 184,-1,1 211,-1,2
m] 20,1,1 20,1,1 m[ 190,-1,1 108,1,1 0,1,1 108,-1,1 190,1,1 108,1,1
0,-1,1 108,-1,1 m] m[ 19,1,1 181,1,1 19,-1,1 38,-1,1 19,1,1 181,-1,1
19,-1,1 38,1,1 m] m[ 19,1,1 181,1,1 19,-1,1 38,-1,1 19,1,1 181,-1,1
19,-1,1 38,1,1 m] m[ 21,1,2 183,1,1 21,-1,2 183,-1,4 183,-1,4 21,1,2
183,-1,1 21,-1,2 183,-1,4 21,1,2 183,1,1 21,-1,2 183,-1,4 21,1,2 183,-1,1 21,-1,2
159,1,1 21,1,2 183,1,1 21,-1,2 183,1,4 21,1,2 183,-1,1 21,-1,2 183,1,4 21,1,2
183,1,1 21,-1,2 183,1,4 183,1,4 21,1,2 183,-1,1 21,-1,2 159,-1,1 m] m[
41,1,1 96,1,1 41,-1,1 121,-1,1 41,1,1 96,-1,1 41,-1,1 121,1,1 m] m[
41,1,1 96,1,1 41,-1,1 121,-1,1 41,1,1 96,-1,1 41,-1,1 121,1,1 m] m[
25,1,2 78,1,1 25,-1,2 78,-1,4 78,-1,4 25,1,2 78,-1,1 25,-1,2 78,-1,4 25,1,2
78,1,1 25,-1,2 78,-1,4 25,1,2 78,-1,1 25,-1,2 48,1,1 25,1,2 78,1,1 25,-1,2
78,1,4 25,1,2 78,-1,1 25,-1,2 78,1,4 25,1,2 78,1,1 25,-1,2 78,1,4 78,1,4
25,1,2 78,-1,1 25,-1,2 48,-1,1 m] m[ 52,1,1 78,1,2 214,1,1 78,-1,2
214,-1,4 214,-1,4 78,1,2 214,-1,1 78,-1,2 214,-1,4 78,1,2 214,1,1 78,-1,2 214,-1,4
78,1,2 214,-1,1 78,-1,2 52,-1,1 78,1,2 214,1,1 78,-1,2 214,1,4 78,1,2 214,-1,1
78,-1,2 214,1,4 78,1,2 214,1,1 78,-1,2 214,1,4 214,1,4 78,1,2 214,-1,1 78,-1,2
m] m[ 48,1,1 25,1,2 78,1,1 25,-1,2 78,-1,4 78,-1,4 25,1,2 78,-1,1
25,-1,2 78,-1,4 25,1,2 78,1,1 25,-1,2 78,-1,4 25,1,2 78,-1,1 25,-1,2 48,-1,1
25,1,2 78,1,1 25,-1,2 78,1,4 25,1,2 78,-1,1 25,-1,2 78,1,4 25,1,2 78,1,1
25,-1,2 78,1,4 78,1,4 25,1,2 78,-1,1 25,-1,2 m] m[ 97,1,1 199,1,1
97,-1,1 9,-1,1 97,1,1 199,-1,1 97,-1,1 9,1,1 m] m[ 78,1,2 132,1,1
78,-1,2 132,-1,4 132,-1,4 78,1,2 132,-1,1 78,-1,2 132,-1,4 78,1,2 132,1,1 78,-1,2
132,-1,4 78,1,2 132,-1,1 78,-1,2 50,1,1 78,1,2 132,1,1 78,-1,2 132,1,4 78,1,2
132,-1,1 78,-1,2 132,1,4 78,1,2 132,1,1 78,-1,2 132,1,4 132,1,4 78,1,2 132,-1,1
78,-1,2 50,-1,1 m] m[ 78,1,2 132,1,1 78,-1,2 132,-1,4 132,-1,4 78,1,2
132,-1,1 78,-1,2 132,-1,4 78,1,2 132,1,1 78,-1,2 132,-1,4 78,1,2 132,-1,1 78,-1,2
50,1,1 78,1,2 132,1,1 78,-1,2 132,1,4 78,1,2 132,-1,1 78,-1,2 132,1,4 78,1,2
132,1,1 78,-1,2 132,1,4 132,1,4 78,1,2 132,-1,1 78,-1,2 50,-1,1 m] m[
21,1,2 130,1,1 21,-1,2 130,-1,4 130,-1,4 21,1,2 130,-1,1 21,-1,2 130,-1,4 21,1,2
130,1,1 21,-1,2 130,-1,4 21,1,2 130,-1,1 21,-1,2 158,1,1 21,1,2 130,1,1 21,-1,2
130,1,4 21,1,2 130,-1,1 21,-1,2 130,1,4 21,1,2 130,1,1 21,-1,2 130,1,4 130,1,4
21,1,2 130,-1,1 21,-1,2 158,-1,1 m] m[ 77,1,1 213,1,2 131,1,1 213,-1,2
131,-1,4 131,-1,4 213,1,2 131,-1,1 213,-1,2 131,-1,4 213,1,2 131,1,1 213,-1,2 131,-1,4
213,1,2 131,-1,1 213,-1,2 77,-1,1 213,1,2 131,1,1 213,-1,2 131,1,4 213,1,2 131,-1,1
213,-1,2 131,1,4 213,1,2 131,1,1 213,-1,2 131,1,4 131,1,4 213,1,2 131,-1,1 213,-1,2
m] m[ 23,1,1 79,1,2 133,1,1 79,-1,2 133,-1,4 133,-1,4 79,1,2 133,-1,1
79,-1,2 133,-1,4 79,1,2 133,1,1 79,-1,2 133,-1,4 79,1,2 133,-1,1 79,-1,2 23,-1,1
79,1,2 133,1,1 79,-1,2 133,1,4 79,1,2 133,-1,1 79,-1,2 133,1,4 79,1,2 133,1,1
79,-1,2 133,1,4 133,1,4 79,1,2 133,-1,1 79,-1,2 m] m[ 213,1,2 131,1,1
213,-1,2 131,-1,4 131,-1,4 213,1,2 131,-1,1 213,-1,2 131,-1,4 213,1,2 131,1,1 213,-1,2
131,-1,4 213,1,2 131,-1,1 213,-1,2 77,1,1 213,1,2 131,1,1 213,-1,2 131,1,4 213,1,2
131,-1,1 213,-1,2 131,1,4 213,1,2 131,1,1 213,-1,2 131,1,4 131,1,4 213,1,2 131,-1,1
213,-1,2 77,-1,1 m] m[ 212,1,1 155,1,2 128,1,1 155,-1,2 128,-1,4 128,-1,4
155,1,2 128,-1,1 155,-1,2 128,-1,4 155,1,2 128,1,1 155,-1,2 128,-1,4 155,1,2 128,-1,1
155,-1,2 212,-1,1 155,1,2 128,1,1 155,-1,2 128,1,4 155,1,2 128,-1,1 155,-1,2 128,1,4
155,1,2 128,1,1 155,-1,2 128,1,4 128,1,4 155,1,2 128,-1,1 155,-1,2 m] m[
23,1,1 79,1,2 133,1,1 79,-1,2 133,-1,4 133,-1,4 79,1,2 133,-1,1 79,-1,2 133,-1,4
79,1,2 133,1,1 79,-1,2 133,-1,4 79,1,2 133,-1,1 79,-1,2 23,-1,1 79,1,2 133,1,1
79,-1,2 133,1,4 79,1,2 133,-1,1 79,-1,2 133,1,4 79,1,2 133,1,1 79,-1,2 133,1,4
133,1,4 79,1,2 133,-1,1 79,-1,2 m] m[ 50,1,1 25,1,2 132,1,1 25,-1,2
132,-1,4 132,-1,4 25,1,2 132,-1,1 25,-1,2 132,-1,4 25,1,2 132,1,1 25,-1,2 132,-1,4
25,1,2 132,-1,1 25,-1,2 50,-1,1 25,1,2 132,1,1 25,-1,2 132,1,4 25,1,2 132,-1,1
25,-1,2 132,1,4 25,1,2 132,1,1 25,-1,2 132,1,4 132,1,4 25,1,2 132,-1,1 25,-1,2
m] m[ 79,1,2 133,1,1 79,-1,2 133,-1,4 133,-1,4 79,1,2 133,-1,1 79,-1,2
133,-1,4 79,1,2 133,1,1 79,-1,2 133,-1,4 79,1,2 133,-1,1 79,-1,2 23,1,1 79,1,2
133,1,1 79,-1,2 133,1,4 79,1,2 133,-1,1 79,-1,2 133,1,4 79,1,2 133,1,1 79,-1,2
133,1,4 133,1,4 79,1,2 133,-1,1 79,-1,2 23,-1,1 m] m[ 212,1,1 155,1,2
128,1,1 155,-1,2 128,-1,4 128,-1,4 155,1,2 128,-1,1 155,-1,2 128,-1,4 155,1,2 128,1,1
155,-1,2 128,-1,4 155,1,2 128,-1,1 155,-1,2 212,-1,1 155,1,2 128,1,1 155,-1,2 128,1,4
155,1,2 128,-1,1 155,-1,2 128,1,4 155,1,2 128,1,1 155,-1,2 128,1,4 128,1,4 155,1,2
128,-1,1 155,-1,2 m] m[ 132,1,4 159,1,2 132,1,1 159,-1,2 132,-1,1 159,1,2
132,-1,1 132,-1,1 159,-1,2 132,-1,4 159,1,2 132,-1,1 132,-1,1 159,-1,2 132,1,1 159,1,2
132,-1,1 159,-1,2 50,1,1 159,1,2 132,1,1 159,-1,2 132,-1,1 159,1,2 132,1,1 132,1,1
159,-1,2 132,1,4 159,1,2 132,1,1 132,1,1 159,-1,2 132,1,1 159,1,2 132,-1,1 159,-1,2
132,-1,4 50,-1,1 m] m[ 155,1,2 128,1,1 155,-1,2 128,-1,4 128,-1,4 155,1,2
128,-1,1 155,-1,2 128,-1,4 155,1,2 128,1,1 155,-1,2 128,-1,4 155,1,2 128,-1,1 155,-1,2
212,1,1 155,1,2 128,1,1 155,-1,2 128,1,4 155,1,2 128,-1,1 155,-1,2 128,1,4 155,1,2
128,1,1 155,-1,2 128,1,4 128,1,4 155,1,2 128,-1,1 155,-1,2 212,-1,1 m] m[
90,1,1 13,1,1 90,-1,1 201,-1,1 90,1,1 13,-1,1 90,-1,1 201,1,1 m] m[
92,1,1 172,1,1 92,-1,1 36,-1,1 92,1,1 172,-1,1 92,-1,1 36,1,1 m] m[
92,1,1 172,1,1 92,-1,1 36,-1,1 92,1,1 172,-1,1 92,-1,1 36,1,1 m] m[
141,1,1 193,1,1 141,-1,1 6,-1,1 141,1,1 193,-1,1 141,-1,1 6,1,1 m] m[
49,1,2 76,1,1 49,-1,2 76,-1,4 76,-1,4 49,1,2 76,-1,1 49,-1,2 76,-1,4 49,1,2
76,1,1 49,-1,2 76,-1,4 49,1,2 76,-1,1 49,-1,2 130,1,1 49,1,2 76,1,1 49,-1,2
76,1,4 49,1,2 76,-1,1 49,-1,2 76,1,4 49,1,2 76,1,1 49,-1,2 76,1,4 76,1,4
49,1,2 76,-1,1 49,-1,2 130,-1,1 m] m[ 191,-1,1 135,1,1 0,1,1 135,-1,1
191,1,1 135,1,1 0,-1,1 135,-1,1 m] m[ 214,1,2 78,1,1 214,-1,2 78,-1,4
78,-1,4 214,1,2 78,-1,1 214,-1,2 78,-1,4 214,1,2 78,1,1 214,-1,2 78,-1,4 214,1,2
78,-1,1 214,-1,2 48,1,1 214,1,2 78,1,1 214,-1,2 78,1,4 214,1,2 78,-1,1 214,-1,2
78,1,4 214,1,2 78,1,1 214,-1,2 78,1,4 78,1,4 214,1,2 78,-1,1 214,-1,2 48,-1,1
m] m[ 130,1,1 49,1,2 76,1,1 49,-1,2 76,-1,4 76,-1,4 49,1,2 76,-1,1
49,-1,2 76,-1,4 49,1,2 76,1,1 49,-1,2 76,-1,4 49,1,2 76,-1,1 49,-1,2 130,-1,1
49,1,2 76,1,1 49,-1,2 76,1,4 49,1,2 76,-1,1 49,-1,2 76,1,4 49,1,2 76,1,1
49,-1,2 76,1,4 76,1,4 49,1,2 76,-1,1 49,-1,2 m] m[ 6,-1,1 141,1,1
193,1,1 141,-1,1 6,1,1 141,1,1 193,-1,1 141,-1,1 m] m[ 152,1,1 201,1,1
152,-1,1 14,-1,1 152,1,1 201,-1,1 152,-1,1 14,1,1 m] m[ 152,1,1 201,1,1
152,-1,1 14,-1,1 152,1,1 201,-1,1 152,-1,1 14,1,1 m] m[ 101,1,2 74,1,1
101,-1,2 74,-1,4 74,-1,4 101,1,2 74,-1,1 101,-1,2 74,-1,4 101,1,2 74,1,1 101,-1,2
74,-1,4 101,1,2 74,-1,1 101,-1,2 210,1,1 101,1,2 74,1,1 101,-1,2 74,1,4 101,1,2
74,-1,1 101,-1,2 74,1,4 101,1,2 74,1,1 101,-1,2 74,1,4 74,1,4 101,1,2 74,-1,1
101,-1,2 210,-1,1 m] m[ 74,1,4 101,1,2 74,1,1 101,-1,2 74,-1,1 101,1,2
74,-1,1 74,-1,1 101,-1,2 74,-1,4 101,1,2 74,-1,1 74,-1,1 101,-1,2 74,1,1 101,1,2
74,-1,1 101,-1,2 210,1,1 101,1,2 74,1,1 101,-1,2 74,-1,1 101,1,2 74,1,1 74,1,1
101,-1,2 74,1,4 101,1,2 74,1,1 74,1,1 101,-1,2 74,1,1 101,1,2 74,-1,1 101,-1,2
74,-1,4 210,-1,1 m] m[ 210,1,1 101,1,2 74,1,1 101,-1,2 74,-1,4 74,-1,4
101,1,2 74,-1,1 101,-1,2 74,-1,4 101,1,2 74,1,1 101,-1,2 74,-1,4 101,1,2 74,-1,1
101,-1,2 210,-1,1 101,1,2 74,1,1 101,-1,2 74,1,4 101,1,2 74,-1,1 101,-1,2 74,1,4
101,1,2 74,1,1 101,-1,2 74,1,4 74,1,4 101,1,2 74,-1,1 101,-1,2 m] m[
153,1,1 125,1,1 153,-1,1 99,-1,1 153,1,1 125,-1,1 153,-1,1 99,1,1 m] m[
153,1,1 125,1,1 153,-1,1 99,-1,1 153,1,1 125,-1,1 153,-1,1 99,1,1 m] m[
159,1,1 183,1,4 130,1,2 183,1,1 130,-1,2 183,-1,1 130,1,2 183,-1,1 183,-1,1 130,-1,2
183,-1,4 130,1,2 183,-1,1 183,-1,1 130,-1,2 183,1,1 130,1,2 183,-1,1 130,-1,2 159,-1,1
130,1,2 183,1,1 130,-1,2 183,-1,1 130,1,2 183,1,1 183,1,1 130,-1,2 183,1,4 130,1,2
183,1,1 183,1,1 130,-1,2 183,1,1 130,1,2 183,-1,1 130,-1,2 183,-1,4 m] m[
38,-1,1 19,1,1 181,1,1 19,-1,1 38,1,1 19,1,1 181,-1,1 19,-1,1 m] m[
38,-1,1 19,1,1 181,1,1 19,-1,1 38,1,1 19,1,1 181,-1,1 19,-1,1 m] m[
78,1,1 24,1,2 186,1,1 24,-1,2 186,-1,4 186,-1,4 24,1,2 186,-1,1 24,-1,2 186,-1,4
24,1,2 186,1,1 24,-1,2 186,-1,4 24,1,2 186,-1,1 24,-1,2 78,-1,1 24,1,2 186,1,1
24,-1,2 186,1,4 24,1,2 186,-1,1 24,-1,2 186,1,4 24,1,2 186,1,1 24,-1,2 186,1,4
186,1,4 24,1,2 186,-1,1 24,-1,2 m] m[ 77,1,2 185,1,1 77,-1,2 185,-1,4
185,-1,4 77,1,2 185,-1,1 77,-1,2 185,-1,4 77,1,2 185,1,1 77,-1,2 185,-1,4 77,1,2
185,-1,1 77,-1,2 105,1,1 77,1,2 185,1,1 77,-1,2 185,1,4 77,1,2 185,-1,1 77,-1,2
185,1,4 77,1,2 185,1,1 77,-1,2 185,1,4 185,1,4 77,1,2 185,-1,1 77,-1,2 105,-1,1
m] m[ 25,1,1 160,1,2 187,1,1 160,-1,2 187,-1,4 187,-1,4 160,1,2 187,-1,1
160,-1,2 187,-1,4 160,1,2 187,1,1 160,-1,2 187,-1,4 160,1,2 187,-1,1 160,-1,2 25,-1,1
160,1,2 187,1,1 160,-1,2 187,1,4 160,1,2 187,-1,1 160,-1,2 187,1,4 160,1,2 187,1,1
160,-1,2 187,1,4 187,1,4 160,1,2 187,-1,1 160,-1,2 m] m[ 105,1,1 77,1,2
185,1,1 77,-1,2 185,-1,4 185,-1,4 77,1,2 185,-1,1 77,-1,2 185,-1,4 77,1,2 185,1,1
77,-1,2 185,-1,4 77,1,2 185,-1,1 77,-1,2 105,-1,1 77,1,2 185,1,1 77,-1,2 185,1,4
77,1,2 185,-1,1 77,-1,2 185,1,4 77,1,2 185,1,1 77,-1,2 185,1,4 185,1,4 77,1,2
185,-1,1 77,-1,2 m] m[ 78,1,1 131,1,2 186,1,1 131,-1,2 186,-1,4 186,-1,4
131,1,2 186,-1,1 131,-1,2 186,-1,4 131,1,2 186,1,1 131,-1,2 186,-1,4 131,1,2 186,-1,1
131,-1,2 78,-1,1 131,1,2 186,1,1 131,-1,2 186,1,4 131,1,2 186,-1,1 131,-1,2 186,1,4
131,1,2 186,1,1 131,-1,2 186,1,4 186,1,4 131,1,2 186,-1,1 131,-1,2 m] m[
159,1,4 132,1,2 159,1,1 132,-1,2 159,-1,1 132,1,2 159,-1,1 159,-1,1 132,-1,2 159,-1,4
132,1,2 159,-1,1 159,-1,1 132,-1,2 159,1,1 132,1,2 159,-1,1 132,-1,2 51,1,1 132,1,2
159,1,1 132,-1,2 159,-1,1 132,1,2 159,1,1 159,1,1 132,-1,2 159,1,4 132,1,2 159,1,1
159,1,1 132,-1,2 159,1,1 132,1,2 159,-1,1 132,-1,2 159,-1,4 51,-1,1 m] m[
131,1,2 186,1,1 131,-1,2 186,-1,4 186,-1,4 131,1,2 186,-1,1 131,-1,2 186,-1,4 131,1,2
186,1,1 131,-1,2 186,-1,4 131,1,2 186,-1,1 131,-1,2 78,1,1 131,1,2 186,1,1 131,-1,2
186,1,4 131,1,2 186,-1,1 131,-1,2 186,1,4 131,1,2 186,1,1 131,-1,2 186,1,4 186,1,4
131,1,2 186,-1,1 131,-1,2 78,-1,1 m] m[ 156,1,1 210,-1,4 183,-1,1 210,-1,1
183,1,1 210,1,4 183,-1,1 210,1,1 183,1,1 156,-1,1 183,-1,1 210,-1,1 183,1,1 210,-1,4
183,-1,1 210,1,1 183,1,1 210,1,4 m] m[ 180,1,1 124,1,1 180,-1,1 100,-1,1
180,1,1 124,-1,1 180,-1,1 100,1,1 168,1,1 180,1,1 124,1,1 180,-1,1 100,-1,1 180,1,1
124,-1,1 180,-1,1 100,1,1 168,-1,1 100,-1,1 180,1,1 124,1,1 180,-1,1 100,1,1 180,1,1
124,-1,1 180,-1,1 168,1,1 100,-1,1 180,1,1 124,1,1 180,-1,1 100,1,1 180,1,1 124,-1,1
180,-1,1 168,-1,1 m] m[ 180,1,1 124,1,1 180,-1,1 100,-1,1 180,1,1 124,-1,1
180,-1,1 100,1,1 168,1,1 180,1,1 124,1,1 180,-1,1 100,-1,1 180,1,1 124,-1,1 180,-1,1
100,1,1 168,-1,1 100,-1,1 180,1,1 124,1,1 180,-1,1 100,1,1 180,1,1 124,-1,1 180,-1,1
168,1,1 100,-1,1 180,1,1 124,1,1 180,-1,1 100,1,1 180,1,1 124,-1,1 180,-1,1 168,-1,1
m] m[ 180,1,1 124,1,1 180,-1,1 100,-1,1 180,1,1 124,-1,1 180,-1,1 100,1,1
168,1,1 180,1,1 124,1,1 180,-1,1 100,-1,1 180,1,1 124,-1,1 180,-1,1 100,1,1 168,-1,1
100,-1,1 180,1,1 124,1,1 180,-1,1 100,1,1 180,1,1 124,-1,1 180,-1,1 168,1,1 100,-1,1
180,1,1 124,1,1 180,-1,1 100,1,1 180,1,1 124,-1,1 180,-1,1 168,-1,1 m] m[
180,1,1 124,1,1 180,-1,1 100,-1,1 180,1,1 124,-1,1 180,-1,1 100,1,1 168,1,1 180,1,1
124,1,1 180,-1,1 100,-1,1 180,1,1 124,-1,1 180,-1,1 100,1,1 168,-1,1 100,-1,1 180,1,1
124,1,1 180,-1,1 100,1,1 180,1,1 124,-1,1 180,-1,1 168,1,1 100,-1,1 180,1,1 124,1,1
180,-1,1 100,1,1 180,1,1 124,-1,1 180,-1,1 168,-1,1 m] m[ 180,1,1 124,1,1
180,-1,1 100,-1,1 180,1,1 124,-1,1 180,-1,1 100,1,1 168,1,1 180,1,1 124,1,1 180,-1,1
100,-1,1 180,1,1 124,-1,1 180,-1,1 100,1,1 168,-1,1 100,-1,1 180,1,1 124,1,1 180,-1,1
100,1,1 180,1,1 124,-1,1 180,-1,1 168,1,1 100,-1,1 180,1,1 124,1,1 180,-1,1 100,1,1
180,1,1 124,-1,1 180,-1,1 168,-1,1 m] m[ 213,-1,4 131,-1,1 213,-1,1 131,1,1
213,1,4 131,-1,1 213,1,1 131,1,1 76,1,1 131,-1,1 213,-1,1 131,1,1 213,-1,4 131,-1,1
213,1,1 131,1,1 213,1,4 76,-1,1 m] m[ 77,1,1 24,-1,4 104,-1,1 24,-1,1
104,1,1 24,1,4 104,-1,1 24,1,1 104,1,1 77,-1,1 104,-1,1 24,-1,1 104,1,1 24,-1,4
104,-1,1 24,1,1 104,1,1 24,1,4 m] m[ 170,1,1 8,1,1 170,-1,1 205,-1,1
170,1,1 8,-1,1 170,-1,1 205,1,1 167,1,1 170,1,1 8,1,1 170,-1,1 205,-1,1 170,1,1
8,-1,1 170,-1,1 205,1,1 167,-1,1 205,-1,1 170,1,1 8,1,1 170,-1,1 205,1,1 170,1,1
8,-1,1 170,-1,1 167,1,1 205,-1,1 170,1,1 8,1,1 170,-1,1 205,1,1 170,1,1 8,-1,1
170,-1,1 167,-1,1 m] m[ 174,1,1 66,1,1 174,-1,1 149,-1,1 174,1,1 66,-1,1
174,-1,1 149,1,1 168,1,1 174,1,1 66,1,1 174,-1,1 149,-1,1 174,1,1 66,-1,1 174,-1,1
149,1,1 168,-1,1 149,-1,1 174,1,1 66,1,1 174,-1,1 149,1,1 174,1,1 66,-1,1 174,-1,1
168,1,1 149,-1,1 174,1,1 66,1,1 174,-1,1 149,1,1 174,1,1 66,-1,1 174,-1,1 168,-1,1
m] m[ 175,1,1 120,1,1 175,-1,1 95,-1,1 175,1,1 120,-1,1 175,-1,1 95,1,1
166,1,1 175,1,1 120,1,1 175,-1,1 95,-1,1 175,1,1 120,-1,1 175,-1,1 95,1,1 166,-1,1
95,-1,1 175,1,1 120,1,1 175,-1,1 95,1,1 175,1,1 120,-1,1 175,-1,1 166,1,1 95,-1,1
175,1,1 120,1,1 175,-1,1 95,1,1 175,1,1 120,-1,1 175,-1,1 166,-1,1 m] m[
174,1,1 93,1,1 174,-1,1 122,-1,1 174,1,1 93,-1,1 174,-1,1 122,1,1 163,1,1 174,1,1
93,1,1 174,-1,1 122,-1,1 174,1,1 93,-1,1 174,-1,1 122,1,1 163,-1,1 122,-1,1 174,1,1
93,1,1 174,-1,1 122,1,1 174,1,1 93,-1,1 174,-1,1 163,1,1 122,-1,1 174,1,1 93,1,1
174,-1,1 122,1,1 174,1,1 93,-1,1 174,-1,1 163,-1,1 m] m[ 47,-1,4 155,-1,1
47,-1,1 155,1,1 47,1,4 155,-1,1 47,1,1 155,1,1 210,1,1 155,-1,1 47,-1,1 155,1,1
47,-1,4 155,-1,1 47,1,1 155,1,1 47,1,4 210,-1,1 m] m[ 21,1,1 133,-1,4
160,-1,1 133,-1,1 160,1,1 133,1,4 160,-1,1 133,1,1 160,1,1 21,-1,1 160,-1,1 133,-1,1
160,1,1 133,-1,4 160,-1,1 133,1,1 160,1,1 133,1,4 m] m[ 169,1,1 172,1,1
10,1,1 172,-1,1 207,-1,1 172,1,1 10,-1,1 172,-1,1 207,1,1 169,-1,1 172,1,1 10,1,1
172,-1,1 207,-1,1 172,1,1 10,-1,1 172,-1,1 207,1,1 169,1,1 207,-1,1 172,1,1 10,1,1
172,-1,1 207,1,1 172,1,1 10,-1,1 172,-1,1 169,-1,1 207,-1,1 172,1,1 10,1,1 172,-1,1
207,1,1 172,1,1 10,-1,1 172,-1,1 m] m[ 170,1,1 62,1,1 170,-1,1 146,-1,1
170,1,1 62,-1,1 170,-1,1 146,1,1 164,1,1 170,1,1 62,1,1 170,-1,1 146,-1,1 170,1,1
62,-1,1 170,-1,1 146,1,1 164,-1,1 146,-1,1 170,1,1 62,1,1 170,-1,1 146,1,1 170,1,1
62,-1,1 170,-1,1 164,1,1 146,-1,1 170,1,1 62,1,1 170,-1,1 146,1,1 170,1,1 62,-1,1
170,-1,1 164,-1,1 m] m[ 103,-1,4 183,-1,1 103,-1,1 183,1,1 103,1,4 183,-1,1
103,1,1 183,1,1 156,1,1 183,-1,1 103,-1,1 183,1,1 103,-1,4 183,-1,1 103,1,1 183,1,1
103,1,4 156,-1,1 m] m[ 130,-1,4 183,-1,1 130,-1,1 183,1,1 130,1,4 183,-1,1
130,1,1 183,1,1 156,1,1 183,-1,1 130,-1,1 183,1,1 130,-1,4 183,-1,1 130,1,1 183,1,1
130,1,4 156,-1,1 m] m[ 170,1,1 62,1,1 170,-1,1 146,-1,1 170,1,1 62,-1,1
170,-1,1 146,1,1 164,1,1 170,1,1 62,1,1 170,-1,1 146,-1,1 170,1,1 62,-1,1 170,-1,1
146,1,1 164,-1,1 146,-1,1 170,1,1 62,1,1 170,-1,1 146,1,1 170,1,1 62,-1,1 170,-1,1
164,1,1 146,-1,1 170,1,1 62,1,1 170,-1,1 146,1,1 170,1,1 62,-1,1 170,-1,1 164,-1,1
m] m[ 101,-1,4 182,-1,1 101,-1,1 182,1,1 101,1,4 182,-1,1 101,1,1 182,1,1
209,1,1 182,-1,1 101,-1,1 182,1,1 101,-1,4 182,-1,1 101,1,1 182,1,1 101,1,4 209,-1,1
m] m[ 175,1,1 120,1,1 175,-1,1 95,-1,1 175,1,1 120,-1,1 175,-1,1 95,1,1
166,1,1 175,1,1 120,1,1 175,-1,1 95,-1,1 175,1,1 120,-1,1 175,-1,1 95,1,1 166,-1,1
95,-1,1 175,1,1 120,1,1 175,-1,1 95,1,1 175,1,1 120,-1,1 175,-1,1 166,1,1 95,-1,1
175,1,1 120,1,1 175,-1,1 95,1,1 175,1,1 120,-1,1 175,-1,1 166,-1,1 m] m[
211,-1,4 184,-1,1 211,-1,1 184,1,1 211,1,4 184,-1,1 211,1,1 184,1,1 129,1,1 184,-1,1
211,-1,1 184,1,1 211,-1,4 184,-1,1 211,1,1 184,1,1 211,1,4 129,-1,1 m] m[
155,-1,4 182,-1,1 155,-1,1 182,1,1 155,1,4 182,-1,1 155,1,1 182,1,1 209,1,1 182,-1,1
155,-1,1 182,1,1 155,-1,4 182,-1,1 155,1,1 182,1,1 155,1,4 209,-1,1 m] m[
130,-1,4 183,-1,1 130,-1,1 183,1,1 130,1,4 183,-1,1 130,1,1 183,1,1 156,1,1 183,-1,1
130,-1,1 183,1,1 130,-1,4 183,-1,1 130,1,1 183,1,1 130,1,4 156,-1,1 m] m[
155,-1,4 182,-1,1 155,-1,1 182,1,1 155,1,4 182,-1,1 155,1,1 182,1,1 209,1,1 182,-1,1
155,-1,1 182,1,1 155,-1,4 182,-1,1 155,1,1 182,1,1 155,1,4 209,-1,1 m] m[
174,1,1 66,1,1 174,-1,1 149,-1,1 174,1,1 66,-1,1 174,-1,1 149,1,1 168,1,1 174,1,1
66,1,1 174,-1,1 149,-1,1 174,1,1 66,-1,1 174,-1,1 149,1,1 168,-1,1 149,-1,1 174,1,1
66,1,1 174,-1,1 149,1,1 174,1,1 66,-1,1 174,-1,1 168,1,1 149,-1,1 174,1,1 66,1,1
174,-1,1 149,1,1 174,1,1 66,-1,1 174,-1,1 168,-1,1 m] m[ 22,-1,4 184,-1,1
22,-1,1 184,1,1 22,1,4 184,-1,1 22,1,1 184,1,1 129,1,1 184,-1,1 22,-1,1 184,1,1
22,-1,4 184,-1,1 22,1,1 184,1,1 22,1,4 129,-1,1 m] m[ 179,1,1 97,1,1
179,-1,1 127,-1,1 179,1,1 97,-1,1 179,-1,1 127,1,1 167,1,1 179,1,1 97,1,1 179,-1,1
127,-1,1 179,1,1 97,-1,1 179,-1,1 127,1,1 167,-1,1 127,-1,1 179,1,1 97,1,1 179,-1,1
127,1,1 179,1,1 97,-1,1 179,-1,1 167,1,1 127,-1,1 179,1,1 97,1,1 179,-1,1 127,1,1
179,1,1 97,-1,1 179,-1,1 167,-1,1 m] m[ 129,1,1 157,-1,4 184,-1,1 157,-1,1
184,1,1 157,1,4 184,-1,1 157,1,1 184,1,1 129,-1,1 184,-1,1 157,-1,1 184,1,1 157,-1,4
184,-1,1 157,1,1 184,1,1 157,1,4 m] m[ 129,-1,1 102,1,1 20,1,1 102,-1,1
20,-1,1 102,1,1 20,1,1 102,-1,1 20,-1,1 129,1,1 102,1,1 20,1,1 102,-1,1 20,-1,1
102,1,1 20,1,1 102,-1,1 20,-1,1 102,1,1 20,1,1 102,-1,1 20,-1,1 102,1,1 20,1,1
102,-1,1 20,-1,1 184,1,1 20,1,1 102,1,1 20,-1,1 102,-1,1 20,1,1 102,1,1 20,-1,1
102,-1,1 20,1,1 102,1,1 20,-1,1 102,-1,1 20,1,1 102,1,1 20,-1,1 102,-1,1 129,-1,1
20,1,1 102,1,1 20,-1,1 102,-1,1 20,1,1 102,1,1 20,-1,1 102,-1,1 129,1,1 184,-1,1
m] m[ 8,1,1 43,1,1 8,-1,1 170,-1,1 8,1,1 43,-1,1 8,-1,1 170,1,1
5,1,1 8,1,1 43,1,1 8,-1,1 170,-1,1 8,1,1 43,-1,1 8,-1,1 170,1,1 5,-1,1
170,-1,1 8,1,1 43,1,1 8,-1,1 170,1,1 8,1,1 43,-1,1 8,-1,1 5,1,1 170,-1,1
8,1,1 43,1,1 8,-1,1 170,1,1 8,1,1 43,-1,1 8,-1,1 5,-1,1 m] m[
22,-1,1 211,1,1 49,1,1 211,-1,1 49,-1,1 211,1,1 49,1,1 211,-1,1 49,-1,1 22,1,1
211,1,1 49,1,1 211,-1,1 49,-1,1 211,1,1 49,1,1 211,-1,1 49,-1,1 211,1,1 49,1,1
211,-1,1 49,-1,1 211,1,1 49,1,1 211,-1,1 49,-1,1 133,1,1 49,1,1 211,1,1 49,-1,1
211,-1,1 49,1,1 211,1,1 49,-1,1 211,-1,1 49,1,1 211,1,1 49,-1,1 211,-1,1 49,1,1
211,1,1 49,-1,1 211,-1,1 22,-1,1 49,1,1 211,1,1 49,-1,1 211,-1,1 49,1,1 211,1,1
49,-1,1 211,-1,1 22,1,1 133,-1,1 m] m[ 173,1,1 143,1,1 173,-1,1 65,-1,1
173,1,1 143,-1,1 173,-1,1 65,1,1 163,1,1 173,1,1 143,1,1 173,-1,1 65,-1,1 173,1,1
143,-1,1 173,-1,1 65,1,1 163,-1,1 65,-1,1 173,1,1 143,1,1 173,-1,1 65,1,1 173,1,1
143,-1,1 173,-1,1 163,1,1 65,-1,1 173,1,1 143,1,1 173,-1,1 65,1,1 173,1,1 143,-1,1
173,-1,1 163,-1,1 m] m[ 44,1,1 206,1,1 44,-1,1 9,-1,1 44,1,1 206,-1,1
44,-1,1 9,1,1 27,1,1 44,1,1 206,1,1 44,-1,1 9,-1,1 44,1,1 206,-1,1 44,-1,1
9,1,1 27,-1,1 9,-1,1 44,1,1 206,1,1 44,-1,1 9,1,1 44,1,1 206,-1,1 44,-1,1
27,1,1 9,-1,1 44,1,1 206,1,1 44,-1,1 9,1,1 44,1,1 206,-1,1 44,-1,1 27,-1,1
m] m[ 101,-1,4 47,-1,1 101,-1,1 47,1,1 101,1,4 47,-1,1 101,1,1 47,1,1
214,1,1 47,-1,1 101,-1,1 47,1,1 101,-1,4 47,-1,1 101,1,1 47,1,1 101,1,4 214,-1,1
m] m[ 35,1,1 16,1,1 35,-1,1 197,-1,1 35,1,1 16,-1,1 35,-1,1 197,1,1
31,1,1 35,1,1 16,1,1 35,-1,1 197,-1,1 35,1,1 16,-1,1 35,-1,1 197,1,1 31,-1,1
197,-1,1 35,1,1 16,1,1 35,-1,1 197,1,1 35,1,1 16,-1,1 35,-1,1 31,1,1 197,-1,1
35,1,1 16,1,1 35,-1,1 197,1,1 35,1,1 16,-1,1 35,-1,1 31,-1,1 m] m[
130,-1,4 48,-1,1 130,-1,1 48,1,1 130,1,4 48,-1,1 130,1,1 48,1,1 159,1,1 48,-1,1
130,-1,1 48,1,1 130,-1,4 48,-1,1 130,1,1 48,1,1 130,1,4 159,-1,1 m] m[
50,-1,1 50,-1,1 185,1,1 23,1,1 185,-1,1 23,-1,1 185,1,1 23,1,1 185,-1,1 23,-1,1
50,1,1 185,1,1 23,1,1 185,-1,1 23,-1,1 185,1,1 23,1,1 185,-1,1 23,-1,1 185,-1,4
185,1,1 23,1,1 185,-1,1 23,-1,1 185,1,1 23,1,1 185,-1,1 23,-1,1 105,1,1 23,1,1
185,1,1 23,-1,1 185,-1,1 23,1,1 185,1,1 23,-1,1 185,-1,1 185,1,4 23,1,1 185,1,1
23,-1,1 185,-1,1 23,1,1 185,1,1 23,-1,1 185,-1,1 50,-1,1 23,1,1 185,1,1 23,-1,1
185,-1,1 23,1,1 185,1,1 23,-1,1 185,-1,1 50,1,1 50,1,1 105,-1,1 m] m[
50,-1,1 50,-1,1 185,1,1 23,1,1 185,-1,1 23,-1,1 185,1,1 23,1,1 185,-1,1 23,-1,1
50,1,1 185,1,1 23,1,1 185,-1,1 23,-1,1 185,1,1 23,1,1 185,-1,1 23,-1,1 185,-1,4
185,1,1 23,1,1 185,-1,1 23,-1,1 185,1,1 23,1,1 185,-1,1 23,-1,1 105,1,1 23,1,1
185,1,1 23,-1,1 185,-1,1 23,1,1 185,1,1 23,-1,1 185,-1,1 185,1,4 23,1,1 185,1,1
23,-1,1 185,-1,1 23,1,1 185,1,1 23,-1,1 185,-1,1 50,-1,1 23,1,1 185,1,1 23,-1,1
185,-1,1 23,1,1 185,1,1 23,-1,1 185,-1,1 50,1,1 50,1,1 105,-1,1 m] m[
48,-1,1 183,1,1 130,1,1 183,-1,1 130,-1,1 183,1,1 130,1,1 183,-1,1 130,-1,1 48,1,1
183,1,1 130,1,1 183,-1,1 130,-1,1 183,1,1 130,1,1 183,-1,1 130,-1,1 183,1,1 130,1,1
183,-1,1 130,-1,1 183,1,1 130,1,1 183,-1,1 130,-1,1 159,1,1 130,1,1 183,1,1 130,-1,1
183,-1,1 130,1,1 183,1,1 130,-1,1 183,-1,1 130,1,1 183,1,1 130,-1,1 183,-1,1 130,1,1
183,1,1 130,-1,1 183,-1,1 48,-1,1 130,1,1 183,1,1 130,-1,1 183,-1,1 130,1,1 183,1,1
130,-1,1 183,-1,1 48,1,1 159,-1,1 m] m[ 48,-1,1 183,1,1 130,1,1 183,-1,1
130,-1,1 183,1,1 130,1,1 183,-1,1 130,-1,1 48,1,1 183,1,1 130,1,1 183,-1,1 130,-1,1
183,1,1 130,1,1 183,-1,1 130,-1,1 183,1,1 130,1,1 183,-1,1 130,-1,1 183,1,1 130,1,1
183,-1,1 130,-1,1 159,1,1 130,1,1 183,1,1 130,-1,1 183,-1,1 130,1,1 183,1,1 130,-1,1
183,-1,1 130,1,1 183,1,1 130,-1,1 183,-1,1 130,1,1 183,1,1 130,-1,1 183,-1,1 48,-1,1
130,1,1 183,1,1 130,-1,1 183,-1,1 130,1,1 183,1,1 130,-1,1 183,-1,1 48,1,1 159,-1,1
m] m[ 22,-1,4 49,-1,1 22,-1,1 49,1,1 22,1,4 49,-1,1 22,1,1 49,1,1
132,1,1 49,-1,1 22,-1,1 49,1,1 22,-1,4 49,-1,1 22,1,1 49,1,1 22,1,4 132,-1,1
m] m[ 157,-1,4 49,-1,1 157,-1,1 49,1,1 157,1,4 49,-1,1 157,1,1 49,1,1
132,1,1 49,-1,1 157,-1,1 49,1,1 157,-1,4 49,-1,1 157,1,1 49,1,1 157,1,4 132,-1,1
m] m[ 157,-1,4 49,-1,1 157,-1,1 49,1,1 157,1,4 49,-1,1 157,1,1 49,1,1
132,1,1 49,-1,1 157,-1,1 49,1,1 157,-1,4 49,-1,1 157,1,1 49,1,1 157,1,4 132,-1,1
m] m[ 44,1,1 100,1,1 44,-1,1 124,-1,1 44,1,1 100,-1,1 44,-1,1 124,1,1
34,1,1 44,1,1 100,1,1 44,-1,1 124,-1,1 44,1,1 100,-1,1 44,-1,1 124,1,1 34,-1,1
124,-1,1 44,1,1 100,1,1 44,-1,1 124,1,1 44,1,1 100,-1,1 44,-1,1 34,1,1 124,-1,1
44,1,1 100,1,1 44,-1,1 124,1,1 44,1,1 100,-1,1 44,-1,1 34,-1,1 m] m[
41,1,1 96,1,1 41,-1,1 121,-1,1 41,1,1 96,-1,1 41,-1,1 121,1,1 30,1,1 41,1,1
96,1,1 41,-1,1 121,-1,1 41,1,1 96,-1,1 41,-1,1 121,1,1 30,-1,1 121,-1,1 41,1,1
96,1,1 41,-1,1 121,1,1 41,1,1 96,-1,1 41,-1,1 30,1,1 121,-1,1 41,1,1 96,1,1
41,-1,1 121,1,1 41,1,1 96,-1,1 41,-1,1 30,-1,1 m] m[ 42,1,1 150,1,1
42,-1,1 67,-1,1 42,1,1 150,-1,1 42,-1,1 67,1,1 28,1,1 42,1,1 150,1,1 42,-1,1
67,-1,1 42,1,1 150,-1,1 42,-1,1 67,1,1 28,-1,1 67,-1,1 42,1,1 150,1,1 42,-1,1
67,1,1 42,1,1 150,-1,1 42,-1,1 28,1,1 67,-1,1 42,1,1 150,1,1 42,-1,1 67,1,1
42,1,1 150,-1,1 42,-1,1 28,-1,1 m] m[ 46,1,1 154,1,1 46,-1,1 70,-1,1
46,1,1 154,-1,1 46,-1,1 70,1,1 32,1,1 46,1,1 154,1,1 46,-1,1 70,-1,1 46,1,1
154,-1,1 46,-1,1 70,1,1 32,-1,1 70,-1,1 46,1,1 154,1,1 46,-1,1 70,1,1 46,1,1
154,-1,1 46,-1,1 32,1,1 70,-1,1 46,1,1 154,1,1 46,-1,1 70,1,1 46,1,1 154,-1,1
46,-1,1 32,-1,1 m] m[ 39,1,1 95,1,1 39,-1,1 120,-1,1 39,1,1 95,-1,1
39,-1,1 120,1,1 32,1,1 39,1,1 95,1,1 39,-1,1 120,-1,1 39,1,1 95,-1,1 39,-1,1
120,1,1 32,-1,1 120,-1,1 39,1,1 95,1,1 39,-1,1 120,1,1 39,1,1 95,-1,1 39,-1,1
32,1,1 120,-1,1 39,1,1 95,1,1 39,-1,1 120,1,1 39,1,1 95,-1,1 39,-1,1 32,-1,1
m].
